/home/ubuntu/anaconda3/envs/tensorflow_p27/lib/python2.7/site-packages/h5py/__init__.py:36: FutureWarning: Conversion of the second argument of issubdtype from `float` to `np.floating` is deprecated. In future, it will be treated as `np.float64 == np.dtype(float).type`.
  from ._conv import register_converters as _register_converters
/home/ubuntu/anaconda3/envs/tensorflow_p27/lib/python2.7/site-packages/matplotlib/__init__.py:962: UserWarning: Duplicate key in file "/home/ubuntu/.config/matplotlib/matplotlibrc", line #2
  (fname, cnt))
/home/ubuntu/anaconda3/envs/tensorflow_p27/lib/python2.7/site-packages/matplotlib/__init__.py:962: UserWarning: Duplicate key in file "/home/ubuntu/.config/matplotlib/matplotlibrc", line #3
  (fname, cnt))
2018-02-08 23:22:58.164931: I tensorflow/core/platform/cpu_feature_guard.cc:137] Your CPU supports instructions that this TensorFlow binary was not compiled to use: SSE4.1 SSE4.2 AVX AVX2 FMA
2018-02-08 23:22:58.261856: I tensorflow/stream_executor/cuda/cuda_gpu_executor.cc:892] successful NUMA node read from SysFS had negative value (-1), but there must be at least one NUMA node, so returning NUMA node zero
2018-02-08 23:22:58.262208: I tensorflow/core/common_runtime/gpu/gpu_device.cc:1030] Found device 0 with properties: 
name: Tesla K80 major: 3 minor: 7 memoryClockRate(GHz): 0.8235
pciBusID: 0000:00:1e.0
totalMemory: 11.17GiB freeMemory: 11.10GiB
2018-02-08 23:22:58.262234: I tensorflow/core/common_runtime/gpu/gpu_device.cc:1120] Creating TensorFlow device (/device:GPU:0) -> (device: 0, name: Tesla K80, pci bus id: 0000:00:1e.0, compute capability: 3.7)
/home/ubuntu/anaconda3/envs/tensorflow_p27/lib/python2.7/site-packages/tensorflow/python/ops/gradients_impl.py:96: UserWarning: Converting sparse IndexedSlices to a dense Tensor of unknown shape. This may consume a large amount of memory.
  "Converting sparse IndexedSlices to a dense Tensor of unknown shape. "
Traceback (most recent call last):
  File "vm_main.py", line 3, in <module>
    from graphviz import Source
ModuleNotFoundError: No module named 'graphviz'
/home/ubuntu/anaconda3/envs/tensorflow_p27/lib/python2.7/site-packages/h5py/__init__.py:36: FutureWarning: Conversion of the second argument of issubdtype from `float` to `np.floating` is deprecated. In future, it will be treated as `np.float64 == np.dtype(float).type`.
  from ._conv import register_converters as _register_converters
/home/ubuntu/anaconda3/envs/tensorflow_p27/lib/python2.7/site-packages/matplotlib/__init__.py:962: UserWarning: Duplicate key in file "/home/ubuntu/.config/matplotlib/matplotlibrc", line #2
  (fname, cnt))
/home/ubuntu/anaconda3/envs/tensorflow_p27/lib/python2.7/site-packages/matplotlib/__init__.py:962: UserWarning: Duplicate key in file "/home/ubuntu/.config/matplotlib/matplotlibrc", line #3
  (fname, cnt))
2018-02-08 23:32:15.106387: I tensorflow/core/platform/cpu_feature_guard.cc:137] Your CPU supports instructions that this TensorFlow binary was not compiled to use: SSE4.1 SSE4.2 AVX AVX2 FMA
2018-02-08 23:32:15.183384: I tensorflow/stream_executor/cuda/cuda_gpu_executor.cc:892] successful NUMA node read from SysFS had negative value (-1), but there must be at least one NUMA node, so returning NUMA node zero
2018-02-08 23:32:15.183627: I tensorflow/core/common_runtime/gpu/gpu_device.cc:1030] Found device 0 with properties: 
name: Tesla K80 major: 3 minor: 7 memoryClockRate(GHz): 0.8235
pciBusID: 0000:00:1e.0
totalMemory: 11.17GiB freeMemory: 504.12MiB
2018-02-08 23:32:15.183666: I tensorflow/core/common_runtime/gpu/gpu_device.cc:1120] Creating TensorFlow device (/device:GPU:0) -> (device: 0, name: Tesla K80, pci bus id: 0000:00:1e.0, compute capability: 3.7)
/home/ubuntu/anaconda3/envs/tensorflow_p27/lib/python2.7/site-packages/tensorflow/python/ops/gradients_impl.py:96: UserWarning: Converting sparse IndexedSlices to a dense Tensor of unknown shape. This may consume a large amount of memory.
  "Converting sparse IndexedSlices to a dense Tensor of unknown shape. "
0
0
DDQN Saved
| Reward: -60710 | Episode: 0 | Qmax: -9.7100 | Exploration: 0.650000 
| Reward: -55670 | Episode: 1 | Qmax: -51.7921 | Exploration: 0.650000 
| Reward: -56750 | Episode: 2 | Qmax: -92.1189 | Exploration: 0.650000 
| Reward: -68990 | Episode: 3 | Qmax: -124.7499 | Exploration: 0.650000 
| Reward: -63140 | Episode: 4 | Qmax: -165.9125 | Exploration: 0.650000 
| Reward: -59360 | Episode: 5 | Qmax: -205.6586 | Exploration: 0.650000 
| Reward: -57560 | Episode: 6 | Qmax: -242.1911 | Exploration: 0.650000 
| Reward: -54140 | Episode: 7 | Qmax: -276.3159 | Exploration: 0.650000 
| Reward: -55220 | Episode: 8 | Qmax: -309.5594 | Exploration: 0.650000 
| Reward: -55760 | Episode: 9 | Qmax: -340.8512 | Exploration: 0.650000 
| Reward: -52610 | Episode: 10 | Qmax: -370.2034 | Exploration: 0.650000 
| Reward: -53600 | Episode: 11 | Qmax: -397.5729 | Exploration: 0.650000 
| Reward: -52880 | Episode: 12 | Qmax: -424.1847 | Exploration: 0.650000 
| Reward: -52250 | Episode: 13 | Qmax: -450.2627 | Exploration: 0.650000 
| Reward: -54500 | Episode: 14 | Qmax: -474.8898 | Exploration: 0.650000 
| Reward: -53240 | Episode: 15 | Qmax: -497.0933 | Exploration: 0.650000 
| Reward: -52250 | Episode: 16 | Qmax: -519.4574 | Exploration: 0.650000 
| Reward: -52160 | Episode: 17 | Qmax: -541.5903 | Exploration: 0.650000 
| Reward: -53420 | Episode: 18 | Qmax: -561.7917 | Exploration: 0.650000 
| Reward: -51890 | Episode: 19 | Qmax: -579.9745 | Exploration: 0.650000 
DDQN Saved
| Reward: -55310 | Episode: 20 | Qmax: -598.0509 | Exploration: 0.650000 
| Reward: -53150 | Episode: 21 | Qmax: -614.1819 | Exploration: 0.650000 
| Reward: -53510 | Episode: 22 | Qmax: -631.5154 | Exploration: 0.650000 
| Reward: -52970 | Episode: 23 | Qmax: -647.2332 | Exploration: 0.650000 
| Reward: -51890 | Episode: 24 | Qmax: -660.4656 | Exploration: 0.650000 
| Reward: -53330 | Episode: 25 | Qmax: -673.2001 | Exploration: 0.650000 
| Reward: -53240 | Episode: 26 | Qmax: -685.7897 | Exploration: 0.650000 
| Reward: -53420 | Episode: 27 | Qmax: -698.2367 | Exploration: 0.650000 
| Reward: -52430 | Episode: 28 | Qmax: -710.1677 | Exploration: 0.650000 
| Reward: -52700 | Episode: 29 | Qmax: -721.7799 | Exploration: 0.650000 
| Reward: -52610 | Episode: 30 | Qmax: -732.8166 | Exploration: 0.650000 
| Reward: -51710 | Episode: 31 | Qmax: -743.9744 | Exploration: 0.650000 
| Reward: -53060 | Episode: 32 | Qmax: -754.9011 | Exploration: 0.650000 
| Reward: -52700 | Episode: 33 | Qmax: -764.7414 | Exploration: 0.650000 
| Reward: -51440 | Episode: 34 | Qmax: -773.9876 | Exploration: 0.650000 
| Reward: -53330 | Episode: 35 | Qmax: -783.0093 | Exploration: 0.650000 
| Reward: -53150 | Episode: 36 | Qmax: -791.4645 | Exploration: 0.650000 
| Reward: -51260 | Episode: 37 | Qmax: -799.5592 | Exploration: 0.650000 
| Reward: -54050 | Episode: 38 | Qmax: -807.2354 | Exploration: 0.650000 
| Reward: -52250 | Episode: 39 | Qmax: -815.2090 | Exploration: 0.650000 
DDQN Saved
| Reward: -52250 | Episode: 40 | Qmax: -822.6030 | Exploration: 0.650000 
| Reward: -50990 | Episode: 41 | Qmax: -829.5268 | Exploration: 0.650000 
| Reward: -50990 | Episode: 42 | Qmax: -836.5103 | Exploration: 0.650000 
| Reward: -52610 | Episode: 43 | Qmax: -843.3791 | Exploration: 0.650000 
| Reward: -50630 | Episode: 44 | Qmax: -849.4606 | Exploration: 0.650000 
| Reward: -51890 | Episode: 45 | Qmax: -855.1156 | Exploration: 0.650000 
| Reward: -51800 | Episode: 46 | Qmax: -860.9388 | Exploration: 0.650000 
| Reward: -51350 | Episode: 47 | Qmax: -866.0199 | Exploration: 0.650000 
| Reward: -50540 | Episode: 48 | Qmax: -870.3314 | Exploration: 0.650000 
| Reward: -51170 | Episode: 49 | Qmax: -874.9996 | Exploration: 0.650000 
| Reward: -50810 | Episode: 50 | Qmax: -879.3328 | Exploration: 0.650000 
| Reward: -50450 | Episode: 51 | Qmax: -882.8641 | Exploration: 0.650000 
| Reward: -50540 | Episode: 52 | Qmax: -886.8933 | Exploration: 0.650000 
| Reward: -50360 | Episode: 53 | Qmax: -890.6531 | Exploration: 0.650000 
| Reward: -50540 | Episode: 54 | Qmax: -893.7226 | Exploration: 0.650000 
| Reward: -50360 | Episode: 55 | Qmax: -896.4959 | Exploration: 0.650000 
| Reward: -51350 | Episode: 56 | Qmax: -899.7960 | Exploration: 0.650000 
| Reward: -50720 | Episode: 57 | Qmax: -903.3553 | Exploration: 0.650000 
| Reward: -50900 | Episode: 58 | Qmax: -906.6501 | Exploration: 0.650000 
| Reward: -50810 | Episode: 59 | Qmax: -909.4678 | Exploration: 0.650000 
DDQN Saved
| Reward: -51530 | Episode: 60 | Qmax: -912.2898 | Exploration: 0.650000 
| Reward: -50630 | Episode: 61 | Qmax: -915.0590 | Exploration: 0.650000 
| Reward: -52250 | Episode: 62 | Qmax: -917.7810 | Exploration: 0.650000 
| Reward: -55040 | Episode: 63 | Qmax: -919.9308 | Exploration: 0.650000 
| Reward: -51170 | Episode: 64 | Qmax: -922.9252 | Exploration: 0.650000 
| Reward: -51080 | Episode: 65 | Qmax: -925.7056 | Exploration: 0.650000 
| Reward: -51350 | Episode: 66 | Qmax: -927.8459 | Exploration: 0.650000 
| Reward: -50450 | Episode: 67 | Qmax: -929.6633 | Exploration: 0.650000 
| Reward: -51890 | Episode: 68 | Qmax: -931.8838 | Exploration: 0.650000 
| Reward: -50810 | Episode: 69 | Qmax: -934.2161 | Exploration: 0.650000 
| Reward: -53240 | Episode: 70 | Qmax: -936.1357 | Exploration: 0.650000 
| Reward: -52160 | Episode: 71 | Qmax: -937.6087 | Exploration: 0.650000 
| Reward: -50990 | Episode: 72 | Qmax: -938.7700 | Exploration: 0.650000 
| Reward: -52430 | Episode: 73 | Qmax: -940.9033 | Exploration: 0.650000 
| Reward: -52340 | Episode: 74 | Qmax: -942.7093 | Exploration: 0.650000 
| Reward: -50810 | Episode: 75 | Qmax: -944.5449 | Exploration: 0.650000 
| Reward: -52070 | Episode: 76 | Qmax: -946.2484 | Exploration: 0.650000 
| Reward: -51170 | Episode: 77 | Qmax: -947.8032 | Exploration: 0.650000 
| Reward: -50540 | Episode: 78 | Qmax: -949.1313 | Exploration: 0.650000 
| Reward: -50990 | Episode: 79 | Qmax: -950.5250 | Exploration: 0.650000 
DDQN Saved
| Reward: -51350 | Episode: 80 | Qmax: -951.6991 | Exploration: 0.650000 
| Reward: -52610 | Episode: 81 | Qmax: -952.7868 | Exploration: 0.650000 
| Reward: -53060 | Episode: 82 | Qmax: -953.7765 | Exploration: 0.650000 
| Reward: -52520 | Episode: 83 | Qmax: -954.7189 | Exploration: 0.650000 
| Reward: -53330 | Episode: 84 | Qmax: -955.3697 | Exploration: 0.650000 
| Reward: -50810 | Episode: 85 | Qmax: -955.9001 | Exploration: 0.650000 
| Reward: -51710 | Episode: 86 | Qmax: -956.9236 | Exploration: 0.650000 
| Reward: -52700 | Episode: 87 | Qmax: -957.5311 | Exploration: 0.650000 
| Reward: -51890 | Episode: 88 | Qmax: -958.3597 | Exploration: 0.650000 
| Reward: -52520 | Episode: 89 | Qmax: -959.2655 | Exploration: 0.650000 
| Reward: -50720 | Episode: 90 | Qmax: -960.1443 | Exploration: 0.650000 
| Reward: -53960 | Episode: 91 | Qmax: -960.7820 | Exploration: 0.650000 
| Reward: -51890 | Episode: 92 | Qmax: -961.1316 | Exploration: 0.650000 
| Reward: -52340 | Episode: 93 | Qmax: -961.9221 | Exploration: 0.650000 
| Reward: -51080 | Episode: 94 | Qmax: -962.4875 | Exploration: 0.650000 
| Reward: -51890 | Episode: 95 | Qmax: -962.7832 | Exploration: 0.650000 
| Reward: -51170 | Episode: 96 | Qmax: -963.4129 | Exploration: 0.650000 
| Reward: -52160 | Episode: 97 | Qmax: -964.0348 | Exploration: 0.650000 
| Reward: -52790 | Episode: 98 | Qmax: -964.5503 | Exploration: 0.650000 
| Reward: -51080 | Episode: 99 | Qmax: -964.5344 | Exploration: 0.650000 
DDQN Saved
| Reward: -50810 | Episode: 100 | Qmax: -964.8899 | Exploration: 0.650000 
| Reward: -53690 | Episode: 101 | Qmax: -965.1839 | Exploration: 0.650000 
| Reward: -51440 | Episode: 102 | Qmax: -965.4217 | Exploration: 0.650000 
| Reward: -50810 | Episode: 103 | Qmax: -965.6883 | Exploration: 0.650000 
| Reward: -52880 | Episode: 104 | Qmax: -966.2445 | Exploration: 0.650000 
| Reward: -51980 | Episode: 105 | Qmax: -967.1037 | Exploration: 0.650000 
| Reward: -52790 | Episode: 106 | Qmax: -967.3640 | Exploration: 0.650000 
| Reward: -51710 | Episode: 107 | Qmax: -967.6540 | Exploration: 0.650000 
| Reward: -52160 | Episode: 108 | Qmax: -967.9815 | Exploration: 0.650000 
| Reward: -51980 | Episode: 109 | Qmax: -968.1844 | Exploration: 0.650000 
| Reward: -51530 | Episode: 110 | Qmax: -968.4078 | Exploration: 0.650000 
| Reward: -52070 | Episode: 111 | Qmax: -968.8062 | Exploration: 0.650000 
| Reward: -51350 | Episode: 112 | Qmax: -968.9111 | Exploration: 0.650000 
| Reward: -51080 | Episode: 113 | Qmax: -969.4898 | Exploration: 0.650000 
| Reward: -52970 | Episode: 114 | Qmax: -969.9523 | Exploration: 0.650000 
| Reward: -52700 | Episode: 115 | Qmax: -970.6704 | Exploration: 0.650000 
| Reward: -52610 | Episode: 116 | Qmax: -971.3099 | Exploration: 0.650000 
| Reward: -51710 | Episode: 117 | Qmax: -971.7538 | Exploration: 0.650000 
| Reward: -50630 | Episode: 118 | Qmax: -972.0744 | Exploration: 0.650000 
| Reward: -51710 | Episode: 119 | Qmax: -972.5582 | Exploration: 0.650000 
DDQN Saved
| Reward: -52790 | Episode: 120 | Qmax: -973.0521 | Exploration: 0.650000 
| Reward: -51260 | Episode: 121 | Qmax: -973.2659 | Exploration: 0.650000 
| Reward: -52700 | Episode: 122 | Qmax: -973.8279 | Exploration: 0.650000 
| Reward: -51080 | Episode: 123 | Qmax: -974.5325 | Exploration: 0.650000 
| Reward: -51530 | Episode: 124 | Qmax: -975.2295 | Exploration: 0.650000 
| Reward: -51170 | Episode: 125 | Qmax: -975.8765 | Exploration: 0.650000 
| Reward: -52520 | Episode: 126 | Qmax: -976.3736 | Exploration: 0.650000 
| Reward: -51260 | Episode: 127 | Qmax: -976.4972 | Exploration: 0.650000 
| Reward: -51980 | Episode: 128 | Qmax: -977.0450 | Exploration: 0.650000 
| Reward: -50810 | Episode: 129 | Qmax: -977.4507 | Exploration: 0.650000 
| Reward: -51800 | Episode: 130 | Qmax: -977.7495 | Exploration: 0.650000 
| Reward: -52520 | Episode: 131 | Qmax: -978.1324 | Exploration: 0.650000 
| Reward: -52430 | Episode: 132 | Qmax: -978.3747 | Exploration: 0.650000 
| Reward: -51620 | Episode: 133 | Qmax: -978.4666 | Exploration: 0.650000 
| Reward: -52880 | Episode: 134 | Qmax: -978.5203 | Exploration: 0.650000 
| Reward: -54140 | Episode: 135 | Qmax: -978.5395 | Exploration: 0.650000 
| Reward: -52070 | Episode: 136 | Qmax: -978.2897 | Exploration: 0.650000 
| Reward: -51260 | Episode: 137 | Qmax: -978.2561 | Exploration: 0.650000 
| Reward: -51620 | Episode: 138 | Qmax: -978.1120 | Exploration: 0.650000 
| Reward: -53870 | Episode: 139 | Qmax: -977.9975 | Exploration: 0.650000 
DDQN Saved
| Reward: -52610 | Episode: 140 | Qmax: -978.5485 | Exploration: 0.650000 
| Reward: -52970 | Episode: 141 | Qmax: -978.5270 | Exploration: 0.650000 
| Reward: -50810 | Episode: 142 | Qmax: -978.6234 | Exploration: 0.650000 
| Reward: -52610 | Episode: 143 | Qmax: -978.6665 | Exploration: 0.650000 
| Reward: -53060 | Episode: 144 | Qmax: -978.7091 | Exploration: 0.650000 
| Reward: -52070 | Episode: 145 | Qmax: -978.8134 | Exploration: 0.650000 
| Reward: -52070 | Episode: 146 | Qmax: -978.8891 | Exploration: 0.650000 
| Reward: -52790 | Episode: 147 | Qmax: -978.5566 | Exploration: 0.650000 
| Reward: -52160 | Episode: 148 | Qmax: -978.5297 | Exploration: 0.650000 
| Reward: -51530 | Episode: 149 | Qmax: -978.4569 | Exploration: 0.650000 
| Reward: -52070 | Episode: 150 | Qmax: -979.0127 | Exploration: 0.650000 
| Reward: -51530 | Episode: 151 | Qmax: -978.9038 | Exploration: 0.650000 
| Reward: -50990 | Episode: 152 | Qmax: -979.1861 | Exploration: 0.650000 
| Reward: -50630 | Episode: 153 | Qmax: -979.6240 | Exploration: 0.650000 
| Reward: -51530 | Episode: 154 | Qmax: -979.5369 | Exploration: 0.650000 
| Reward: -51440 | Episode: 155 | Qmax: -979.0643 | Exploration: 0.650000 
| Reward: -52070 | Episode: 156 | Qmax: -978.9165 | Exploration: 0.650000 
| Reward: -53600 | Episode: 157 | Qmax: -978.9313 | Exploration: 0.650000 
| Reward: -53150 | Episode: 158 | Qmax: -979.0528 | Exploration: 0.650000 
| Reward: -52250 | Episode: 159 | Qmax: -978.9468 | Exploration: 0.650000 
DDQN Saved
| Reward: -52340 | Episode: 160 | Qmax: -979.1666 | Exploration: 0.650000 
| Reward: -51260 | Episode: 161 | Qmax: -978.9654 | Exploration: 0.650000 
| Reward: -51710 | Episode: 162 | Qmax: -978.2866 | Exploration: 0.650000 
| Reward: -53690 | Episode: 163 | Qmax: -978.5756 | Exploration: 0.650000 Traceback (most recent call last):
  File "vm_main.py", line 3, in <module>
    from graphviz import Source
ModuleNotFoundError: No module named 'graphviz'
/home/ubuntu/anaconda3/envs/tensorflow_p27/lib/python2.7/site-packages/h5py/__init__.py:36: FutureWarning: Conversion of the second argument of issubdtype from `float` to `np.floating` is deprecated. In future, it will be treated as `np.float64 == np.dtype(float).type`.
  from ._conv import register_converters as _register_converters
/home/ubuntu/anaconda3/envs/tensorflow_p27/lib/python2.7/site-packages/matplotlib/__init__.py:962: UserWarning: Duplicate key in file "/home/ubuntu/.config/matplotlib/matplotlibrc", line #2
  (fname, cnt))
/home/ubuntu/anaconda3/envs/tensorflow_p27/lib/python2.7/site-packages/matplotlib/__init__.py:962: UserWarning: Duplicate key in file "/home/ubuntu/.config/matplotlib/matplotlibrc", line #3
  (fname, cnt))
2018-02-09 02:03:31.844181: I tensorflow/core/platform/cpu_feature_guard.cc:137] Your CPU supports instructions that this TensorFlow binary was not compiled to use: SSE4.1 SSE4.2 AVX AVX2 FMA
2018-02-09 02:03:31.930746: I tensorflow/stream_executor/cuda/cuda_gpu_executor.cc:892] successful NUMA node read from SysFS had negative value (-1), but there must be at least one NUMA node, so returning NUMA node zero
2018-02-09 02:03:31.931004: I tensorflow/core/common_runtime/gpu/gpu_device.cc:1030] Found device 0 with properties: 
name: Tesla K80 major: 3 minor: 7 memoryClockRate(GHz): 0.8235
pciBusID: 0000:00:1e.0
totalMemory: 11.17GiB freeMemory: 460.12MiB
2018-02-09 02:03:31.931037: I tensorflow/core/common_runtime/gpu/gpu_device.cc:1120] Creating TensorFlow device (/device:GPU:0) -> (device: 0, name: Tesla K80, pci bus id: 0000:00:1e.0, compute capability: 3.7)
/home/ubuntu/anaconda3/envs/tensorflow_p27/lib/python2.7/site-packages/tensorflow/python/ops/gradients_impl.py:96: UserWarning: Converting sparse IndexedSlices to a dense Tensor of unknown shape. This may consume a large amount of memory.
  "Converting sparse IndexedSlices to a dense Tensor of unknown shape. "
0
0
DDQN Saved
| Reward: -60710 | Episode: 0 | Qmax: -9.7100 | Exploration: 0.650000 
| Reward: -55670 | Episode: 1 | Qmax: -51.7921 | Exploration: 0.650000 
| Reward: -56750 | Episode: 2 | Qmax: -92.1189 | Exploration: 0.650000 
| Reward: -68990 | Episode: 3 | Qmax: -124.7499 | Exploration: 0.650000 
| Reward: -63140 | Episode: 4 | Qmax: -165.9125 | Exploration: 0.650000 
| Reward: -59360 | Episode: 5 | Qmax: -205.6586 | Exploration: 0.650000 
| Reward: -57560 | Episode: 6 | Qmax: -242.1911 | Exploration: 0.650000 
| Reward: -54140 | Episode: 7 | Qmax: -276.3159 | Exploration: 0.650000 
| Reward: -55220 | Episode: 8 | Qmax: -309.5594 | Exploration: 0.650000 
| Reward: -55760 | Episode: 9 | Qmax: -340.8512 | Exploration: 0.650000 
| Reward: -52610 | Episode: 10 | Qmax: -370.2034 | Exploration: 0.650000 
| Reward: -53600 | Episode: 11 | Qmax: -397.5729 | Exploration: 0.650000 
| Reward: -52880 | Episode: 12 | Qmax: -424.1847 | Exploration: 0.650000 
| Reward: -52250 | Episode: 13 | Qmax: -450.2627 | Exploration: 0.650000 
| Reward: -54500 | Episode: 14 | Qmax: -474.8898 | Exploration: 0.650000 
| Reward: -53240 | Episode: 15 | Qmax: -497.0933 | Exploration: 0.650000 
| Reward: -52250 | Episode: 16 | Qmax: -519.4574 | Exploration: 0.650000 
| Reward: -52160 | Episode: 17 | Qmax: -541.5903 | Exploration: 0.650000 
| Reward: -53420 | Episode: 18 | Qmax: -561.7917 | Exploration: 0.650000 
| Reward: -51890 | Episode: 19 | Qmax: -579.9745 | Exploration: 0.650000 
DDQN Saved
| Reward: -55310 | Episode: 20 | Qmax: -598.0509 | Exploration: 0.650000 
| Reward: -53150 | Episode: 21 | Qmax: -614.1819 | Exploration: 0.650000 
| Reward: -53510 | Episode: 22 | Qmax: -631.5154 | Exploration: 0.650000 
| Reward: -52970 | Episode: 23 | Qmax: -647.2332 | Exploration: 0.650000 
| Reward: -51890 | Episode: 24 | Qmax: -660.4656 | Exploration: 0.650000 
| Reward: -53330 | Episode: 25 | Qmax: -673.2001 | Exploration: 0.650000 
| Reward: -53240 | Episode: 26 | Qmax: -685.7897 | Exploration: 0.650000 
| Reward: -53420 | Episode: 27 | Qmax: -698.2367 | Exploration: 0.650000 
| Reward: -52430 | Episode: 28 | Qmax: -710.1677 | Exploration: 0.650000 
| Reward: -52700 | Episode: 29 | Qmax: -721.7799 | Exploration: 0.650000 
| Reward: -52610 | Episode: 30 | Qmax: -732.8166 | Exploration: 0.650000 
| Reward: -51710 | Episode: 31 | Qmax: -743.9744 | Exploration: 0.650000 
| Reward: -53060 | Episode: 32 | Qmax: -754.9011 | Exploration: 0.650000 
| Reward: -52700 | Episode: 33 | Qmax: -764.7414 | Exploration: 0.650000 
| Reward: -51440 | Episode: 34 | Qmax: -773.9876 | Exploration: 0.650000 
| Reward: -53330 | Episode: 35 | Qmax: -783.0093 | Exploration: 0.650000 
| Reward: -53150 | Episode: 36 | Qmax: -791.4645 | Exploration: 0.650000 
| Reward: -51260 | Episode: 37 | Qmax: -799.5592 | Exploration: 0.650000 
| Reward: -54050 | Episode: 38 | Qmax: -807.2354 | Exploration: 0.650000 
| Reward: -52250 | Episode: 39 | Qmax: -815.2090 | Exploration: 0.650000 
DDQN Saved
| Reward: -52250 | Episode: 40 | Qmax: -822.6030 | Exploration: 0.650000 
| Reward: -50990 | Episode: 41 | Qmax: -829.5268 | Exploration: 0.650000 
| Reward: -50990 | Episode: 42 | Qmax: -836.5103 | Exploration: 0.650000 
| Reward: -52610 | Episode: 43 | Qmax: -843.3791 | Exploration: 0.650000 
| Reward: -50630 | Episode: 44 | Qmax: -849.4606 | Exploration: 0.650000 
| Reward: -51890 | Episode: 45 | Qmax: -855.1156 | Exploration: 0.650000 
| Reward: -51800 | Episode: 46 | Qmax: -860.9388 | Exploration: 0.650000 
| Reward: -51350 | Episode: 47 | Qmax: -866.0199 | Exploration: 0.650000 
| Reward: -50540 | Episode: 48 | Qmax: -870.3314 | Exploration: 0.650000 
| Reward: -51170 | Episode: 49 | Qmax: -874.9996 | Exploration: 0.650000 
| Reward: -50810 | Episode: 50 | Qmax: -879.3328 | Exploration: 0.650000 
| Reward: -50450 | Episode: 51 | Qmax: -882.8641 | Exploration: 0.650000 
| Reward: -50540 | Episode: 52 | Qmax: -886.8933 | Exploration: 0.650000 
| Reward: -50360 | Episode: 53 | Qmax: -890.6531 | Exploration: 0.650000 
| Reward: -50540 | Episode: 54 | Qmax: -893.7226 | Exploration: 0.650000 
| Reward: -50360 | Episode: 55 | Qmax: -896.4959 | Exploration: 0.650000 
| Reward: -51350 | Episode: 56 | Qmax: -899.7960 | Exploration: 0.650000 
| Reward: -50720 | Episode: 57 | Qmax: -903.3553 | Exploration: 0.650000 
| Reward: -50900 | Episode: 58 | Qmax: -906.6501 | Exploration: 0.650000 
| Reward: -50810 | Episode: 59 | Qmax: -909.4678 | Exploration: 0.650000 
DDQN Saved
| Reward: -51530 | Episode: 60 | Qmax: -912.2898 | Exploration: 0.650000 
| Reward: -50630 | Episode: 61 | Qmax: -915.0590 | Exploration: 0.650000 
| Reward: -52250 | Episode: 62 | Qmax: -917.7810 | Exploration: 0.650000 
| Reward: -55040 | Episode: 63 | Qmax: -919.9308 | Exploration: 0.650000 
| Reward: -51170 | Episode: 64 | Qmax: -922.9252 | Exploration: 0.650000 
| Reward: -51080 | Episode: 65 | Qmax: -925.7056 | Exploration: 0.650000 
| Reward: -51350 | Episode: 66 | Qmax: -927.8459 | Exploration: 0.650000 
| Reward: -50450 | Episode: 67 | Qmax: -929.6633 | Exploration: 0.650000 
| Reward: -51890 | Episode: 68 | Qmax: -931.8838 | Exploration: 0.650000 
| Reward: -50810 | Episode: 69 | Qmax: -934.2161 | Exploration: 0.650000 
| Reward: -53240 | Episode: 70 | Qmax: -936.1357 | Exploration: 0.650000 
| Reward: -52160 | Episode: 71 | Qmax: -937.6087 | Exploration: 0.650000 
| Reward: -50990 | Episode: 72 | Qmax: -938.7700 | Exploration: 0.650000 
| Reward: -52430 | Episode: 73 | Qmax: -940.9033 | Exploration: 0.650000 
| Reward: -52340 | Episode: 74 | Qmax: -942.7093 | Exploration: 0.650000 
| Reward: -50810 | Episode: 75 | Qmax: -944.5449 | Exploration: 0.650000 
| Reward: -52070 | Episode: 76 | Qmax: -946.2484 | Exploration: 0.650000 
| Reward: -51170 | Episode: 77 | Qmax: -947.8032 | Exploration: 0.650000 
| Reward: -50540 | Episode: 78 | Qmax: -949.1313 | Exploration: 0.650000 
| Reward: -50990 | Episode: 79 | Qmax: -950.5250 | Exploration: 0.650000 
DDQN Saved
| Reward: -51350 | Episode: 80 | Qmax: -951.6991 | Exploration: 0.650000 
| Reward: -52610 | Episode: 81 | Qmax: -952.7868 | Exploration: 0.650000 
| Reward: -53060 | Episode: 82 | Qmax: -953.7765 | Exploration: 0.650000 
| Reward: -52520 | Episode: 83 | Qmax: -954.7189 | Exploration: 0.650000 
| Reward: -53330 | Episode: 84 | Qmax: -955.3697 | Exploration: 0.650000 
| Reward: -50810 | Episode: 85 | Qmax: -955.9001 | Exploration: 0.650000 
| Reward: -51710 | Episode: 86 | Qmax: -956.9236 | Exploration: 0.650000 
| Reward: -52700 | Episode: 87 | Qmax: -957.5311 | Exploration: 0.650000 
| Reward: -51890 | Episode: 88 | Qmax: -958.3597 | Exploration: 0.650000 
| Reward: -52520 | Episode: 89 | Qmax: -959.2655 | Exploration: 0.650000 
| Reward: -50720 | Episode: 90 | Qmax: -960.1443 | Exploration: 0.650000 
| Reward: -53960 | Episode: 91 | Qmax: -960.7820 | Exploration: 0.650000 
| Reward: -51890 | Episode: 92 | Qmax: -961.1316 | Exploration: 0.650000 
| Reward: -52340 | Episode: 93 | Qmax: -961.9221 | Exploration: 0.650000 
| Reward: -51080 | Episode: 94 | Qmax: -962.4875 | Exploration: 0.650000 
| Reward: -51890 | Episode: 95 | Qmax: -962.7832 | Exploration: 0.650000 
| Reward: -51170 | Episode: 96 | Qmax: -963.4129 | Exploration: 0.650000 
| Reward: -52160 | Episode: 97 | Qmax: -964.0348 | Exploration: 0.650000 
| Reward: -52790 | Episode: 98 | Qmax: -964.5503 | Exploration: 0.650000 
| Reward: -51080 | Episode: 99 | Qmax: -964.5344 | Exploration: 0.650000 
DDQN Saved
| Reward: -50810 | Episode: 100 | Qmax: -964.8899 | Exploration: 0.650000 
| Reward: -53690 | Episode: 101 | Qmax: -965.1839 | Exploration: 0.650000 
| Reward: -51440 | Episode: 102 | Qmax: -965.4217 | Exploration: 0.650000 
| Reward: -50810 | Episode: 103 | Qmax: -965.6883 | Exploration: 0.650000 
| Reward: -52880 | Episode: 104 | Qmax: -966.2445 | Exploration: 0.650000 
| Reward: -51980 | Episode: 105 | Qmax: -967.1037 | Exploration: 0.650000 
| Reward: -52790 | Episode: 106 | Qmax: -967.3640 | Exploration: 0.650000 
| Reward: -51710 | Episode: 107 | Qmax: -967.6540 | Exploration: 0.650000 
| Reward: -52160 | Episode: 108 | Qmax: -967.9815 | Exploration: 0.650000 
| Reward: -51980 | Episode: 109 | Qmax: -968.1844 | Exploration: 0.650000 
| Reward: -51530 | Episode: 110 | Qmax: -968.4078 | Exploration: 0.650000 
| Reward: -52070 | Episode: 111 | Qmax: -968.8062 | Exploration: 0.650000 
| Reward: -51350 | Episode: 112 | Qmax: -968.9111 | Exploration: 0.650000 
| Reward: -51080 | Episode: 113 | Qmax: -969.4898 | Exploration: 0.650000 
| Reward: -52970 | Episode: 114 | Qmax: -969.9523 | Exploration: 0.650000 
| Reward: -52700 | Episode: 115 | Qmax: -970.6704 | Exploration: 0.650000 
| Reward: -52610 | Episode: 116 | Qmax: -971.3099 | Exploration: 0.650000 
| Reward: -51710 | Episode: 117 | Qmax: -971.7538 | Exploration: 0.650000 
| Reward: -50630 | Episode: 118 | Qmax: -972.0744 | Exploration: 0.650000 
| Reward: -51710 | Episode: 119 | Qmax: -972.5582 | Exploration: 0.650000 
DDQN Saved
| Reward: -52790 | Episode: 120 | Qmax: -973.0521 | Exploration: 0.650000 
| Reward: -51260 | Episode: 121 | Qmax: -973.2659 | Exploration: 0.650000 
| Reward: -52700 | Episode: 122 | Qmax: -973.8279 | Exploration: 0.650000 
| Reward: -51080 | Episode: 123 | Qmax: -974.5325 | Exploration: 0.650000 
| Reward: -51530 | Episode: 124 | Qmax: -975.2295 | Exploration: 0.650000 
| Reward: -51170 | Episode: 125 | Qmax: -975.8765 | Exploration: 0.650000 
| Reward: -52520 | Episode: 126 | Qmax: -976.3736 | Exploration: 0.650000 
| Reward: -51260 | Episode: 127 | Qmax: -976.4972 | Exploration: 0.650000 
| Reward: -51980 | Episode: 128 | Qmax: -977.0450 | Exploration: 0.650000 
| Reward: -50810 | Episode: 129 | Qmax: -977.4507 | Exploration: 0.650000 
| Reward: -51800 | Episode: 130 | Qmax: -977.7495 | Exploration: 0.650000 
| Reward: -52520 | Episode: 131 | Qmax: -978.1324 | Exploration: 0.650000 
| Reward: -52430 | Episode: 132 | Qmax: -978.3747 | Exploration: 0.650000 
| Reward: -51620 | Episode: 133 | Qmax: -978.4666 | Exploration: 0.650000 
| Reward: -52880 | Episode: 134 | Qmax: -978.5203 | Exploration: 0.650000 
| Reward: -54140 | Episode: 135 | Qmax: -978.5395 | Exploration: 0.650000 
| Reward: -52070 | Episode: 136 | Qmax: -978.2897 | Exploration: 0.650000 
| Reward: -51260 | Episode: 137 | Qmax: -978.2561 | Exploration: 0.650000 
| Reward: -51620 | Episode: 138 | Qmax: -978.1120 | Exploration: 0.650000 
| Reward: -53870 | Episode: 139 | Qmax: -977.9975 | Exploration: 0.650000 
DDQN Saved
| Reward: -52610 | Episode: 140 | Qmax: -978.5485 | Exploration: 0.650000 
| Reward: -52970 | Episode: 141 | Qmax: -978.5270 | Exploration: 0.650000 
| Reward: -50810 | Episode: 142 | Qmax: -978.6234 | Exploration: 0.650000 
| Reward: -52610 | Episode: 143 | Qmax: -978.6665 | Exploration: 0.650000 
| Reward: -53060 | Episode: 144 | Qmax: -978.7091 | Exploration: 0.650000 
| Reward: -52070 | Episode: 145 | Qmax: -978.8134 | Exploration: 0.650000 
| Reward: -52070 | Episode: 146 | Qmax: -978.8891 | Exploration: 0.650000 
| Reward: -52790 | Episode: 147 | Qmax: -978.5566 | Exploration: 0.650000 
| Reward: -52160 | Episode: 148 | Qmax: -978.5297 | Exploration: 0.650000 
| Reward: -51530 | Episode: 149 | Qmax: -978.4569 | Exploration: 0.650000 
| Reward: -52070 | Episode: 150 | Qmax: -979.0127 | Exploration: 0.650000 
| Reward: -51530 | Episode: 151 | Qmax: -978.9038 | Exploration: 0.650000 
| Reward: -50990 | Episode: 152 | Qmax: -979.1861 | Exploration: 0.650000 
| Reward: -50630 | Episode: 153 | Qmax: -979.6240 | Exploration: 0.650000 
| Reward: -51530 | Episode: 154 | Qmax: -979.5369 | Exploration: 0.650000 
| Reward: -51440 | Episode: 155 | Qmax: -979.0643 | Exploration: 0.650000 
| Reward: -52070 | Episode: 156 | Qmax: -978.9165 | Exploration: 0.650000 
| Reward: -53600 | Episode: 157 | Qmax: -978.9313 | Exploration: 0.650000 
| Reward: -53150 | Episode: 158 | Qmax: -979.0528 | Exploration: 0.650000 
| Reward: -52250 | Episode: 159 | Qmax: -978.9468 | Exploration: 0.650000 
DDQN Saved
| Reward: -52340 | Episode: 160 | Qmax: -979.1666 | Exploration: 0.650000 
| Reward: -51260 | Episode: 161 | Qmax: -978.9654 | Exploration: 0.650000 
| Reward: -51710 | Episode: 162 | Qmax: -978.2866 | Exploration: 0.650000 
| Reward: -53690 | Episode: 163 | Qmax: -978.5756 | Exploration: 0.650000 
| Reward: -51800 | Episode: 164 | Qmax: -978.7988 | Exploration: 0.650000 
| Reward: -50720 | Episode: 165 | Qmax: -978.7878 | Exploration: 0.650000 
| Reward: -51170 | Episode: 166 | Qmax: -978.7458 | Exploration: 0.650000 
| Reward: -52160 | Episode: 167 | Qmax: -979.2276 | Exploration: 0.650000 
| Reward: -52430 | Episode: 168 | Qmax: -979.4714 | Exploration: 0.650000 
| Reward: -52700 | Episode: 169 | Qmax: -979.4666 | Exploration: 0.650000 
| Reward: -51530 | Episode: 170 | Qmax: -979.6777 | Exploration: 0.650000 
| Reward: -51440 | Episode: 171 | Qmax: -979.9603 | Exploration: 0.650000 
| Reward: -50990 | Episode: 172 | Qmax: -980.1876 | Exploration: 0.650000 
| Reward: -53420 | Episode: 173 | Qmax: -980.1988 | Exploration: 0.650000 
| Reward: -53150 | Episode: 174 | Qmax: -980.1371 | Exploration: 0.650000 
| Reward: -50720 | Episode: 175 | Qmax: -980.6154 | Exploration: 0.650000 
| Reward: -51620 | Episode: 176 | Qmax: -980.6375 | Exploration: 0.650000 
| Reward: -51350 | Episode: 177 | Qmax: -980.4493 | Exploration: 0.650000 
| Reward: -50900 | Episode: 178 | Qmax: -980.3638 | Exploration: 0.650000 
| Reward: -51440 | Episode: 179 | Qmax: -980.4313 | Exploration: 0.650000 
DDQN Saved
| Reward: -50450 | Episode: 180 | Qmax: -980.6251 | Exploration: 0.650000 
| Reward: -53780 | Episode: 181 | Qmax: -980.6215 | Exploration: 0.650000 
| Reward: -52160 | Episode: 182 | Qmax: -980.3213 | Exploration: 0.650000 
| Reward: -51440 | Episode: 183 | Qmax: -980.2520 | Exploration: 0.650000 
| Reward: -52250 | Episode: 184 | Qmax: -980.3955 | Exploration: 0.650000 
| Reward: -52790 | Episode: 185 | Qmax: -980.4903 | Exploration: 0.650000 
| Reward: -53060 | Episode: 186 | Qmax: -980.2285 | Exploration: 0.650000 
| Reward: -50990 | Episode: 187 | Qmax: -980.2051 | Exploration: 0.650000 
| Reward: -51620 | Episode: 188 | Qmax: -980.2193 | Exploration: 0.650000 
| Reward: -51170 | Episode: 189 | Qmax: -979.8867 | Exploration: 0.650000 
| Reward: -51080 | Episode: 190 | Qmax: -980.4757 | Exploration: 0.650000 
| Reward: -51800 | Episode: 191 | Qmax: -980.7324 | Exploration: 0.650000 
| Reward: -50900 | Episode: 192 | Qmax: -980.9388 | Exploration: 0.650000 
| Reward: -50990 | Episode: 193 | Qmax: -981.0978 | Exploration: 0.650000 
| Reward: -50450 | Episode: 194 | Qmax: -981.4485 | Exploration: 0.650000 
| Reward: -50990 | Episode: 195 | Qmax: -981.3644 | Exploration: 0.650000 
| Reward: -51710 | Episode: 196 | Qmax: -981.6130 | Exploration: 0.650000 
| Reward: -51080 | Episode: 197 | Qmax: -981.7466 | Exploration: 0.650000 
| Reward: -51980 | Episode: 198 | Qmax: -981.9216 | Exploration: 0.650000 
| Reward: -51890 | Episode: 199 | Qmax: -982.1548 | Exploration: 0.650000 
DDQN Saved
| Reward: -51530 | Episode: 200 | Qmax: -982.5054 | Exploration: 0.650000 
| Reward: -51530 | Episode: 201 | Qmax: -982.5551 | Exploration: 0.650000 
| Reward: -51350 | Episode: 202 | Qmax: -982.5528 | Exploration: 0.650000 
| Reward: -50900 | Episode: 203 | Qmax: -982.5176 | Exploration: 0.650000 
| Reward: -52250 | Episode: 204 | Qmax: -982.5662 | Exploration: 0.650000 
| Reward: -51080 | Episode: 205 | Qmax: -982.6442 | Exploration: 0.650000 
| Reward: -50900 | Episode: 206 | Qmax: -982.6642 | Exploration: 0.650000 
| Reward: -51170 | Episode: 207 | Qmax: -982.6792 | Exploration: 0.650000 
| Reward: -50720 | Episode: 208 | Qmax: -982.7303 | Exploration: 0.650000 
| Reward: -51980 | Episode: 209 | Qmax: -982.5033 | Exploration: 0.650000 
| Reward: -51890 | Episode: 210 | Qmax: -982.3303 | Exploration: 0.650000 
| Reward: -52700 | Episode: 211 | Qmax: -982.4577 | Exploration: 0.650000 
| Reward: -52790 | Episode: 212 | Qmax: -982.7559 | Exploration: 0.650000 
| Reward: -51350 | Episode: 213 | Qmax: -982.8749 | Exploration: 0.650000 
| Reward: -52430 | Episode: 214 | Qmax: -983.0288 | Exploration: 0.650000 
| Reward: -52520 | Episode: 215 | Qmax: -982.9247 | Exploration: 0.650000 
| Reward: -50540 | Episode: 216 | Qmax: -983.0718 | Exploration: 0.650000 
| Reward: -51890 | Episode: 217 | Qmax: -983.2396 | Exploration: 0.650000 
| Reward: -52880 | Episode: 218 | Qmax: -983.2558 | Exploration: 0.650000 
| Reward: -50630 | Episode: 219 | Qmax: -983.3893 | Exploration: 0.650000 
DDQN Saved
| Reward: -51080 | Episode: 220 | Qmax: -983.5495 | Exploration: 0.650000 
| Reward: -51350 | Episode: 221 | Qmax: -983.7006 | Exploration: 0.650000 
| Reward: -50990 | Episode: 222 | Qmax: -983.8511 | Exploration: 0.650000 
| Reward: -52070 | Episode: 223 | Qmax: -983.8210 | Exploration: 0.650000 
| Reward: -51350 | Episode: 224 | Qmax: -983.8689 | Exploration: 0.650000 
| Reward: -52250 | Episode: 225 | Qmax: -983.8928 | Exploration: 0.650000 
| Reward: -51080 | Episode: 226 | Qmax: -984.0349 | Exploration: 0.650000 
| Reward: -51260 | Episode: 227 | Qmax: -984.0348 | Exploration: 0.650000 
| Reward: -53150 | Episode: 228 | Qmax: -984.1090 | Exploration: 0.650000 
| Reward: -51800 | Episode: 229 | Qmax: -984.2029 | Exploration: 0.650000 
| Reward: -51710 | Episode: 230 | Qmax: -983.9967 | Exploration: 0.650000 
| Reward: -50720 | Episode: 231 | Qmax: -984.0426 | Exploration: 0.650000 
| Reward: -51620 | Episode: 232 | Qmax: -983.7726 | Exploration: 0.650000 
| Reward: -51890 | Episode: 233 | Qmax: -983.9591 | Exploration: 0.650000 
| Reward: -51440 | Episode: 234 | Qmax: -983.9862 | Exploration: 0.650000 
| Reward: -50630 | Episode: 235 | Qmax: -983.9708 | Exploration: 0.650000 
| Reward: -51440 | Episode: 236 | Qmax: -983.9427 | Exploration: 0.650000 
| Reward: -51350 | Episode: 237 | Qmax: -983.5963 | Exploration: 0.650000 
| Reward: -50630 | Episode: 238 | Qmax: -983.7875 | Exploration: 0.650000 
| Reward: -53060 | Episode: 239 | Qmax: -984.2058 | Exploration: 0.650000 
DDQN Saved
| Reward: -52610 | Episode: 240 | Qmax: -984.4270 | Exploration: 0.650000 
| Reward: -51350 | Episode: 241 | Qmax: -984.3403 | Exploration: 0.650000 
| Reward: -51170 | Episode: 242 | Qmax: -984.1870 | Exploration: 0.650000 
| Reward: -52160 | Episode: 243 | Qmax: -984.2717 | Exploration: 0.650000 
| Reward: -53960 | Episode: 244 | Qmax: -984.5411 | Exploration: 0.650000 
| Reward: -51800 | Episode: 245 | Qmax: -984.9038 | Exploration: 0.650000 
| Reward: -50810 | Episode: 246 | Qmax: -985.0562 | Exploration: 0.650000 
| Reward: -51800 | Episode: 247 | Qmax: -984.3394 | Exploration: 0.650000 
| Reward: -51980 | Episode: 248 | Qmax: -984.2113 | Exploration: 0.650000 
| Reward: -52700 | Episode: 249 | Qmax: -984.3060 | Exploration: 0.650000 
| Reward: -51440 | Episode: 250 | Qmax: -984.1977 | Exploration: 0.650000 
| Reward: -52430 | Episode: 251 | Qmax: -983.6837 | Exploration: 0.650000 
| Reward: -51260 | Episode: 252 | Qmax: -983.5062 | Exploration: 0.650000 
| Reward: -51080 | Episode: 253 | Qmax: -983.1544 | Exploration: 0.650000 
| Reward: -51170 | Episode: 254 | Qmax: -982.6749 | Exploration: 0.650000 
| Reward: -51170 | Episode: 255 | Qmax: -982.3678 | Exploration: 0.650000 
| Reward: -51980 | Episode: 256 | Qmax: -981.8855 | Exploration: 0.650000 
| Reward: -52430 | Episode: 257 | Qmax: -982.0441 | Exploration: 0.650000 
| Reward: -51710 | Episode: 258 | Qmax: -981.2999 | Exploration: 0.650000 
| Reward: -50540 | Episode: 259 | Qmax: -980.0465 | Exploration: 0.650000 
DDQN Saved
| Reward: -51080 | Episode: 260 | Qmax: -979.5993 | Exploration: 0.650000 
| Reward: -50720 | Episode: 261 | Qmax: -979.3040 | Exploration: 0.650000 
| Reward: -51350 | Episode: 262 | Qmax: -978.7901 | Exploration: 0.650000 
| Reward: -52700 | Episode: 263 | Qmax: -978.4103 | Exploration: 0.650000 
| Reward: -51260 | Episode: 264 | Qmax: -978.5541 | Exploration: 0.650000 
| Reward: -52610 | Episode: 265 | Qmax: -977.9533 | Exploration: 0.650000 
| Reward: -50360 | Episode: 266 | Qmax: -977.5073 | Exploration: 0.650000 
| Reward: -51080 | Episode: 267 | Qmax: -975.5092 | Exploration: 0.650000 
| Reward: -51710 | Episode: 268 | Qmax: -975.1737 | Exploration: 0.650000 
| Reward: -51530 | Episode: 269 | Qmax: -974.1846 | Exploration: 0.650000 
| Reward: -50540 | Episode: 270 | Qmax: -971.8360 | Exploration: 0.650000 
| Reward: -51080 | Episode: 271 | Qmax: -971.7199 | Exploration: 0.650000 
| Reward: -50720 | Episode: 272 | Qmax: -971.4525 | Exploration: 0.650000 
| Reward: -52070 | Episode: 273 | Qmax: -971.5788 | Exploration: 0.650000 
| Reward: -52070 | Episode: 274 | Qmax: -970.6962 | Exploration: 0.650000 
| Reward: -51800 | Episode: 275 | Qmax: -971.7769 | Exploration: 0.650000 
| Reward: -51350 | Episode: 276 | Qmax: -972.4943 | Exploration: 0.650000 
| Reward: -51170 | Episode: 277 | Qmax: -971.9018 | Exploration: 0.650000 
| Reward: -52700 | Episode: 278 | Qmax: -971.2922 | Exploration: 0.650000 
| Reward: -51530 | Episode: 279 | Qmax: -971.6861 | Exploration: 0.650000 
DDQN Saved
| Reward: -50990 | Episode: 280 | Qmax: -972.3463 | Exploration: 0.650000 
| Reward: -50450 | Episode: 281 | Qmax: -974.2018 | Exploration: 0.650000 
| Reward: -51080 | Episode: 282 | Qmax: -973.2869 | Exploration: 0.650000 
| Reward: -51890 | Episode: 283 | Qmax: -973.3570 | Exploration: 0.650000 
| Reward: -50630 | Episode: 284 | Qmax: -973.3293 | Exploration: 0.650000 
| Reward: -51080 | Episode: 285 | Qmax: -972.4772 | Exploration: 0.650000 
| Reward: -51710 | Episode: 286 | Qmax: -971.8654 | Exploration: 0.650000 
| Reward: -51440 | Episode: 287 | Qmax: -971.5295 | Exploration: 0.650000 
| Reward: -51800 | Episode: 288 | Qmax: -969.8033 | Exploration: 0.650000 
| Reward: -50450 | Episode: 289 | Qmax: -971.0403 | Exploration: 0.650000 
| Reward: -51710 | Episode: 290 | Qmax: -969.6794 | Exploration: 0.650000 
| Reward: -50900 | Episode: 291 | Qmax: -969.6647 | Exploration: 0.650000 
| Reward: -51350 | Episode: 292 | Qmax: -969.4950 | Exploration: 0.650000 
| Reward: -52790 | Episode: 293 | Qmax: -969.3445 | Exploration: 0.650000 
| Reward: -51710 | Episode: 294 | Qmax: -968.7921 | Exploration: 0.650000 
| Reward: -50810 | Episode: 295 | Qmax: -969.5659 | Exploration: 0.650000 
| Reward: -51800 | Episode: 296 | Qmax: -969.1582 | Exploration: 0.650000 
| Reward: -50990 | Episode: 297 | Qmax: -969.4622 | Exploration: 0.650000 
| Reward: -51080 | Episode: 298 | Qmax: -969.0225 | Exploration: 0.650000 
| Reward: -51350 | Episode: 299 | Qmax: -969.3582 | Exploration: 0.650000 
DDQN Saved
| Reward: -51710 | Episode: 300 | Qmax: -969.3674 | Exploration: 0.650000 
| Reward: -51080 | Episode: 301 | Qmax: -969.6360 | Exploration: 0.650000 
| Reward: -50630 | Episode: 302 | Qmax: -969.9743 | Exploration: 0.650000 
| Reward: -50810 | Episode: 303 | Qmax: -969.2135 | Exploration: 0.650000 
| Reward: -51350 | Episode: 304 | Qmax: -967.9820 | Exploration: 0.650000 
| Reward: -51440 | Episode: 305 | Qmax: -968.0932 | Exploration: 0.650000 
| Reward: -51980 | Episode: 306 | Qmax: -969.3495 | Exploration: 0.650000 
| Reward: -51530 | Episode: 307 | Qmax: -968.8136 | Exploration: 0.650000 
| Reward: -51710 | Episode: 308 | Qmax: -968.5259 | Exploration: 0.650000 
| Reward: -52610 | Episode: 309 | Qmax: -969.4020 | Exploration: 0.650000 
| Reward: -53330 | Episode: 310 | Qmax: -970.2820 | Exploration: 0.650000 
| Reward: -51080 | Episode: 311 | Qmax: -970.9271 | Exploration: 0.650000 
| Reward: -51710 | Episode: 312 | Qmax: -971.1412 | Exploration: 0.650000 
| Reward: -50540 | Episode: 313 | Qmax: -973.1018 | Exploration: 0.650000 
| Reward: -50630 | Episode: 314 | Qmax: -974.1516 | Exploration: 0.650000 
| Reward: -52340 | Episode: 315 | Qmax: -974.0467 | Exploration: 0.650000 
| Reward: -51080 | Episode: 316 | Qmax: -975.4812 | Exploration: 0.650000 
| Reward: -51440 | Episode: 317 | Qmax: -976.7167 | Exploration: 0.650000 
| Reward: -52070 | Episode: 318 | Qmax: -976.4376 | Exploration: 0.650000 
| Reward: -50810 | Episode: 319 | Qmax: -976.3608 | Exploration: 0.650000 
DDQN Saved
| Reward: -50270 | Episode: 320 | Qmax: -976.6085 | Exploration: 0.650000 
| Reward: -51260 | Episode: 321 | Qmax: -977.6094 | Exploration: 0.650000 
| Reward: -50540 | Episode: 322 | Qmax: -979.0424 | Exploration: 0.650000 
| Reward: -52970 | Episode: 323 | Qmax: -980.2826 | Exploration: 0.650000 
| Reward: -50810 | Episode: 324 | Qmax: -981.0289 | Exploration: 0.650000 
| Reward: -50990 | Episode: 325 | Qmax: -982.0991 | Exploration: 0.650000 
| Reward: -51440 | Episode: 326 | Qmax: -983.1707 | Exploration: 0.650000 
| Reward: -51260 | Episode: 327 | Qmax: -983.3139 | Exploration: 0.650000 
| Reward: -50270 | Episode: 328 | Qmax: -983.5778 | Exploration: 0.650000 
| Reward: -50810 | Episode: 329 | Qmax: -983.9923 | Exploration: 0.650000 
| Reward: -51620 | Episode: 330 | Qmax: -984.8050 | Exploration: 0.650000 
| Reward: -51170 | Episode: 331 | Qmax: -985.8301 | Exploration: 0.650000 
| Reward: -50090 | Episode: 332 | Qmax: -986.8164 | Exploration: 0.650000 
| Reward: -52070 | Episode: 333 | Qmax: -987.7503 | Exploration: 0.650000 
| Reward: -50900 | Episode: 334 | Qmax: -988.2572 | Exploration: 0.650000 
| Reward: -52070 | Episode: 335 | Qmax: -988.5328 | Exploration: 0.650000 
| Reward: -50450 | Episode: 336 | Qmax: -988.9865 | Exploration: 0.650000 
| Reward: -50810 | Episode: 337 | Qmax: -989.2299 | Exploration: 0.650000 
| Reward: -51890 | Episode: 338 | Qmax: -989.4573 | Exploration: 0.650000 
| Reward: -51260 | Episode: 339 | Qmax: -989.4868 | Exploration: 0.650000 
DDQN Saved
| Reward: -52250 | Episode: 340 | Qmax: -989.3835 | Exploration: 0.650000 
| Reward: -51530 | Episode: 341 | Qmax: -989.1598 | Exploration: 0.650000 
| Reward: -50270 | Episode: 342 | Qmax: -989.1782 | Exploration: 0.650000 
| Reward: -52070 | Episode: 343 | Qmax: -989.0680 | Exploration: 0.650000 
| Reward: -51620 | Episode: 344 | Qmax: -988.9641 | Exploration: 0.650000 
| Reward: -52430 | Episode: 345 | Qmax: -988.7048 | Exploration: 0.650000 
| Reward: -51620 | Episode: 346 | Qmax: -988.6487 | Exploration: 0.650000 
| Reward: -51800 | Episode: 347 | Qmax: -988.9013 | Exploration: 0.650000 
| Reward: -51260 | Episode: 348 | Qmax: -988.8522 | Exploration: 0.650000 
| Reward: -51440 | Episode: 349 | Qmax: -988.7864 | Exploration: 0.650000 
| Reward: -50810 | Episode: 350 | Qmax: -988.3840 | Exploration: 0.650000 
| Reward: -50990 | Episode: 351 | Qmax: -988.3049 | Exploration: 0.650000 
| Reward: -52070 | Episode: 352 | Qmax: -988.2048 | Exploration: 0.650000 
| Reward: -52160 | Episode: 353 | Qmax: -988.6926 | Exploration: 0.650000 
| Reward: -53150 | Episode: 354 | Qmax: -989.1890 | Exploration: 0.650000 
| Reward: -51620 | Episode: 355 | Qmax: -989.1417 | Exploration: 0.650000 
| Reward: -51620 | Episode: 356 | Qmax: -988.7221 | Exploration: 0.650000 
| Reward: -51530 | Episode: 357 | Qmax: -988.5611 | Exploration: 0.650000 
| Reward: -50990 | Episode: 358 | Qmax: -988.8770 | Exploration: 0.650000 
| Reward: -51530 | Episode: 359 | Qmax: -988.8134 | Exploration: 0.650000 
DDQN Saved
| Reward: -50450 | Episode: 360 | Qmax: -988.8868 | Exploration: 0.650000 
| Reward: -50900 | Episode: 361 | Qmax: -988.9664 | Exploration: 0.650000 
| Reward: -52070 | Episode: 362 | Qmax: -989.0472 | Exploration: 0.650000 
| Reward: -52880 | Episode: 363 | Qmax: -988.4587 | Exploration: 0.650000 
| Reward: -50900 | Episode: 364 | Qmax: -988.1233 | Exploration: 0.650000 
| Reward: -51980 | Episode: 365 | Qmax: -988.6694 | Exploration: 0.650000 
| Reward: -50810 | Episode: 366 | Qmax: -988.4236 | Exploration: 0.650000 
| Reward: -52250 | Episode: 367 | Qmax: -988.8441 | Exploration: 0.650000 
| Reward: -51170 | Episode: 368 | Qmax: -988.8936 | Exploration: 0.650000 
| Reward: -51350 | Episode: 369 | Qmax: -988.8738 | Exploration: 0.650000 
| Reward: -51800 | Episode: 370 | Qmax: -989.2580 | Exploration: 0.650000 
| Reward: -52880 | Episode: 371 | Qmax: -989.1189 | Exploration: 0.650000 
| Reward: -50450 | Episode: 372 | Qmax: -989.9260 | Exploration: 0.650000 
| Reward: -51350 | Episode: 373 | Qmax: -990.1179 | Exploration: 0.650000 
| Reward: -51530 | Episode: 374 | Qmax: -990.0794 | Exploration: 0.650000 
| Reward: -52250 | Episode: 375 | Qmax: -990.2427 | Exploration: 0.650000 
| Reward: -51170 | Episode: 376 | Qmax: -990.5600 | Exploration: 0.650000 
| Reward: -50990 | Episode: 377 | Qmax: -990.4946 | Exploration: 0.650000 
| Reward: -50900 | Episode: 378 | Qmax: -990.5253 | Exploration: 0.650000 
| Reward: -50540 | Episode: 379 | Qmax: -990.5820 | Exploration: 0.650000 
DDQN Saved
| Reward: -51260 | Episode: 380 | Qmax: -990.5593 | Exploration: 0.650000 
| Reward: -51440 | Episode: 381 | Qmax: -990.7460 | Exploration: 0.650000 
| Reward: -51350 | Episode: 382 | Qmax: -990.9493 | Exploration: 0.650000 
| Reward: -50810 | Episode: 383 | Qmax: -990.9918 | Exploration: 0.650000 
| Reward: -50360 | Episode: 384 | Qmax: -990.9340 | Exploration: 0.650000 
| Reward: -50630 | Episode: 385 | Qmax: -990.9577 | Exploration: 0.650000 
| Reward: -51620 | Episode: 386 | Qmax: -991.1576 | Exploration: 0.650000 
| Reward: -50450 | Episode: 387 | Qmax: -991.3733 | Exploration: 0.650000 
| Reward: -51080 | Episode: 388 | Qmax: -991.3214 | Exploration: 0.650000 
| Reward: -51530 | Episode: 389 | Qmax: -991.3438 | Exploration: 0.650000 
| Reward: -53780 | Episode: 390 | Qmax: -991.2740 | Exploration: 0.650000 
| Reward: -51800 | Episode: 391 | Qmax: -991.2955 | Exploration: 0.650000 
| Reward: -52160 | Episode: 392 | Qmax: -991.2582 | Exploration: 0.650000 
| Reward: -50810 | Episode: 393 | Qmax: -991.3008 | Exploration: 0.650000 
| Reward: -51980 | Episode: 394 | Qmax: -991.4265 | Exploration: 0.650000 
| Reward: -52160 | Episode: 395 | Qmax: -991.5653 | Exploration: 0.650000 
| Reward: -51890 | Episode: 396 | Qmax: -991.6318 | Exploration: 0.650000 
| Reward: -51170 | Episode: 397 | Qmax: -991.6536 | Exploration: 0.650000 
| Reward: -52070 | Episode: 398 | Qmax: -991.6238 | Exploration: 0.650000 
| Reward: -51530 | Episode: 399 | Qmax: -991.6039 | Exploration: 0.650000 
DDQN Saved
| Reward: -52250 | Episode: 400 | Qmax: -991.5408 | Exploration: 0.650000 
| Reward: -51620 | Episode: 401 | Qmax: -991.6529 | Exploration: 0.650000 
| Reward: -52160 | Episode: 402 | Qmax: -991.7207 | Exploration: 0.650000 
| Reward: -51890 | Episode: 403 | Qmax: -991.7750 | Exploration: 0.650000 
| Reward: -51350 | Episode: 404 | Qmax: -991.7660 | Exploration: 0.650000 
| Reward: -51080 | Episode: 405 | Qmax: -991.6247 | Exploration: 0.650000 
| Reward: -51620 | Episode: 406 | Qmax: -991.6578 | Exploration: 0.650000 
| Reward: -51260 | Episode: 407 | Qmax: -991.5438 | Exploration: 0.650000 
| Reward: -50810 | Episode: 408 | Qmax: -991.6034 | Exploration: 0.650000 
| Reward: -50810 | Episode: 409 | Qmax: -991.5868 | Exploration: 0.650000 
| Reward: -50180 | Episode: 410 | Qmax: -991.5947 | Exploration: 0.650000 
| Reward: -52070 | Episode: 411 | Qmax: -991.5664 | Exploration: 0.650000 
| Reward: -50810 | Episode: 412 | Qmax: -991.5860 | Exploration: 0.650000 
| Reward: -51980 | Episode: 413 | Qmax: -991.6235 | Exploration: 0.650000 
| Reward: -51260 | Episode: 414 | Qmax: -991.4788 | Exploration: 0.650000 
| Reward: -51530 | Episode: 415 | Qmax: -991.6868 | Exploration: 0.650000 
| Reward: -50900 | Episode: 416 | Qmax: -991.7006 | Exploration: 0.650000 
| Reward: -50630 | Episode: 417 | Qmax: -991.5251 | Exploration: 0.650000 
| Reward: -51530 | Episode: 418 | Qmax: -991.2767 | Exploration: 0.650000 
| Reward: -50540 | Episode: 419 | Qmax: -991.2787 | Exploration: 0.650000 
DDQN Saved
| Reward: -50720 | Episode: 420 | Qmax: -991.5603 | Exploration: 0.650000 
| Reward: -50630 | Episode: 421 | Qmax: -991.6139 | Exploration: 0.650000 
| Reward: -51710 | Episode: 422 | Qmax: -991.6436 | Exploration: 0.650000 
| Reward: -50810 | Episode: 423 | Qmax: -991.2841 | Exploration: 0.650000 
| Reward: -52610 | Episode: 424 | Qmax: -990.8051 | Exploration: 0.650000 
| Reward: -51800 | Episode: 425 | Qmax: -990.6308 | Exploration: 0.650000 
| Reward: -50540 | Episode: 426 | Qmax: -990.3898 | Exploration: 0.650000 
| Reward: -50990 | Episode: 427 | Qmax: -990.3544 | Exploration: 0.650000 
| Reward: -51260 | Episode: 428 | Qmax: -990.3122 | Exploration: 0.650000 
| Reward: -50990 | Episode: 429 | Qmax: -990.5144 | Exploration: 0.650000 
| Reward: -51800 | Episode: 430 | Qmax: -990.5689 | Exploration: 0.650000 
| Reward: -51620 | Episode: 431 | Qmax: -990.2468 | Exploration: 0.650000 
| Reward: -52070 | Episode: 432 | Qmax: -990.0640 | Exploration: 0.650000 
| Reward: -50990 | Episode: 433 | Qmax: -989.9257 | Exploration: 0.650000 
| Reward: -51080 | Episode: 434 | Qmax: -989.9897 | Exploration: 0.650000 
| Reward: -50450 | Episode: 435 | Qmax: -990.2895 | Exploration: 0.650000 
| Reward: -52520 | Episode: 436 | Qmax: -990.1987 | Exploration: 0.650000 
| Reward: -51980 | Episode: 437 | Qmax: -989.9390 | Exploration: 0.650000 
| Reward: -51530 | Episode: 438 | Qmax: -989.8678 | Exploration: 0.650000 
| Reward: -50630 | Episode: 439 | Qmax: -990.2725 | Exploration: 0.650000 
DDQN Saved
| Reward: -52700 | Episode: 440 | Qmax: -990.5637 | Exploration: 0.650000 
| Reward: -51530 | Episode: 441 | Qmax: -990.4711 | Exploration: 0.650000 
| Reward: -51260 | Episode: 442 | Qmax: -990.4407 | Exploration: 0.650000 
| Reward: -51350 | Episode: 443 | Qmax: -990.0845 | Exploration: 0.650000 
| Reward: -50630 | Episode: 444 | Qmax: -990.0436 | Exploration: 0.650000 
| Reward: -51080 | Episode: 445 | Qmax: -990.4718 | Exploration: 0.650000 
| Reward: -50630 | Episode: 446 | Qmax: -990.6112 | Exploration: 0.650000 
| Reward: -51440 | Episode: 447 | Qmax: -990.8699 | Exploration: 0.650000 
| Reward: -51980 | Episode: 448 | Qmax: -990.9139 | Exploration: 0.650000 
| Reward: -51170 | Episode: 449 | Qmax: -990.9231 | Exploration: 0.650000 
| Reward: -51710 | Episode: 450 | Qmax: -991.0116 | Exploration: 0.650000 
| Reward: -51260 | Episode: 451 | Qmax: -991.1123 | Exploration: 0.650000 
| Reward: -51350 | Episode: 452 | Qmax: -991.2782 | Exploration: 0.650000 
| Reward: -51440 | Episode: 453 | Qmax: -991.5184 | Exploration: 0.650000 
| Reward: -50720 | Episode: 454 | Qmax: -991.8108 | Exploration: 0.650000 
| Reward: -51800 | Episode: 455 | Qmax: -991.8919 | Exploration: 0.650000 
| Reward: -53870 | Episode: 456 | Qmax: -991.7805 | Exploration: 0.650000 
| Reward: -50810 | Episode: 457 | Qmax: -991.8684 | Exploration: 0.650000 
| Reward: -50810 | Episode: 458 | Qmax: -992.0169 | Exploration: 0.650000 
| Reward: -52880 | Episode: 459 | Qmax: -992.1344 | Exploration: 0.650000 
DDQN Saved
| Reward: -50810 | Episode: 460 | Qmax: -992.1978 | Exploration: 0.650000 
| Reward: -51980 | Episode: 461 | Qmax: -992.2285 | Exploration: 0.650000 
| Reward: -50540 | Episode: 462 | Qmax: -991.9390 | Exploration: 0.650000 
| Reward: -50360 | Episode: 463 | Qmax: -992.0041 | Exploration: 0.650000 
| Reward: -50900 | Episode: 464 | Qmax: -992.2784 | Exploration: 0.650000 
| Reward: -51170 | Episode: 465 | Qmax: -992.6740 | Exploration: 0.650000 
| Reward: -52610 | Episode: 466 | Qmax: -992.7053 | Exploration: 0.650000 
| Reward: -50810 | Episode: 467 | Qmax: -992.5654 | Exploration: 0.650000 
| Reward: -50270 | Episode: 468 | Qmax: -992.6755 | Exploration: 0.650000 
| Reward: -50450 | Episode: 469 | Qmax: -992.7982 | Exploration: 0.650000 
| Reward: -51260 | Episode: 470 | Qmax: -992.7992 | Exploration: 0.650000 
| Reward: -52340 | Episode: 471 | Qmax: -992.8437 | Exploration: 0.650000 
| Reward: -51260 | Episode: 472 | Qmax: -992.7514 | Exploration: 0.650000 
| Reward: -52880 | Episode: 473 | Qmax: -992.7909 | Exploration: 0.650000 
| Reward: -51080 | Episode: 474 | Qmax: -992.8985 | Exploration: 0.650000 
| Reward: -51710 | Episode: 475 | Qmax: -992.8440 | Exploration: 0.650000 
| Reward: -52160 | Episode: 476 | Qmax: -992.8103 | Exploration: 0.650000 
| Reward: -50810 | Episode: 477 | Qmax: -992.8231 | Exploration: 0.650000 
| Reward: -51620 | Episode: 478 | Qmax: -992.8630 | Exploration: 0.650000 
| Reward: -50360 | Episode: 479 | Qmax: -992.8433 | Exploration: 0.650000 
DDQN Saved
| Reward: -51710 | Episode: 480 | Qmax: -992.8629 | Exploration: 0.650000 
| Reward: -51710 | Episode: 481 | Qmax: -992.8914 | Exploration: 0.650000 
| Reward: -51260 | Episode: 482 | Qmax: -993.0030 | Exploration: 0.650000 
| Reward: -51530 | Episode: 483 | Qmax: -993.0504 | Exploration: 0.650000 
| Reward: -50900 | Episode: 484 | Qmax: -992.9912 | Exploration: 0.650000 
| Reward: -51350 | Episode: 485 | Qmax: -992.9230 | Exploration: 0.650000 
| Reward: -50720 | Episode: 486 | Qmax: -992.8805 | Exploration: 0.650000 
| Reward: -50720 | Episode: 487 | Qmax: -992.8257 | Exploration: 0.650000 
| Reward: -52610 | Episode: 488 | Qmax: -992.8738 | Exploration: 0.650000 
| Reward: -51440 | Episode: 489 | Qmax: -992.9646 | Exploration: 0.650000 
| Reward: -51440 | Episode: 490 | Qmax: -992.9624 | Exploration: 0.650000 
| Reward: -51170 | Episode: 491 | Qmax: -992.9671 | Exploration: 0.650000 
| Reward: -52790 | Episode: 492 | Qmax: -993.0703 | Exploration: 0.650000 
| Reward: -52250 | Episode: 493 | Qmax: -993.0976 | Exploration: 0.650000 
| Reward: -51080 | Episode: 494 | Qmax: -992.8998 | Exploration: 0.650000 
| Reward: -52070 | Episode: 495 | Qmax: -992.7826 | Exploration: 0.650000 
| Reward: -51890 | Episode: 496 | Qmax: -992.7170 | Exploration: 0.650000 
| Reward: -51260 | Episode: 497 | Qmax: -992.5635 | Exploration: 0.650000 
| Reward: -50630 | Episode: 498 | Qmax: -992.5518 | Exploration: 0.650000 
| Reward: -52160 | Episode: 499 | Qmax: -992.4908 | Exploration: 0.650000 
DDQN Saved
| Reward: -51890 | Episode: 500 | Qmax: -992.6997 | Exploration: 0.650000 
| Reward: -51080 | Episode: 501 | Qmax: -992.5572 | Exploration: 0.650000 
| Reward: -52790 | Episode: 502 | Qmax: -992.3090 | Exploration: 0.650000 
| Reward: -51080 | Episode: 503 | Qmax: -992.1552 | Exploration: 0.650000 
| Reward: -51170 | Episode: 504 | Qmax: -992.3281 | Exploration: 0.650000 
| Reward: -51530 | Episode: 505 | Qmax: -992.3934 | Exploration: 0.650000 
| Reward: -51710 | Episode: 506 | Qmax: -992.1963 | Exploration: 0.650000 
| Reward: -51170 | Episode: 507 | Qmax: -992.0360 | Exploration: 0.650000 
| Reward: -51350 | Episode: 508 | Qmax: -991.8611 | Exploration: 0.650000 
| Reward: -52700 | Episode: 509 | Qmax: -991.7142 | Exploration: 0.650000 
| Reward: -52250 | Episode: 510 | Qmax: -991.7613 | Exploration: 0.650000 
| Reward: -51260 | Episode: 511 | Qmax: -991.6764 | Exploration: 0.650000 
| Reward: -50450 | Episode: 512 | Qmax: -991.7090 | Exploration: 0.650000 
| Reward: -51980 | Episode: 513 | Qmax: -991.5525 | Exploration: 0.650000 
| Reward: -50810 | Episode: 514 | Qmax: -991.5275 | Exploration: 0.650000 
| Reward: -50990 | Episode: 515 | Qmax: -991.6214 | Exploration: 0.650000 
| Reward: -50900 | Episode: 516 | Qmax: -991.6064 | Exploration: 0.650000 
| Reward: -50990 | Episode: 517 | Qmax: -991.6246 | Exploration: 0.650000 
| Reward: -50540 | Episode: 518 | Qmax: -991.5301 | Exploration: 0.650000 
| Reward: -51350 | Episode: 519 | Qmax: -991.5429 | Exploration: 0.650000 
DDQN Saved
| Reward: -50360 | Episode: 520 | Qmax: -991.5437 | Exploration: 0.650000 
| Reward: -52250 | Episode: 521 | Qmax: -991.4087 | Exploration: 0.650000 
| Reward: -51890 | Episode: 522 | Qmax: -991.3681 | Exploration: 0.650000 
| Reward: -52340 | Episode: 523 | Qmax: -991.1623 | Exploration: 0.650000 
| Reward: -51620 | Episode: 524 | Qmax: -991.1938 | Exploration: 0.650000 
| Reward: -50630 | Episode: 525 | Qmax: -991.4132 | Exploration: 0.650000 
| Reward: -51350 | Episode: 526 | Qmax: -991.2958 | Exploration: 0.650000 
| Reward: -51440 | Episode: 527 | Qmax: -990.5439 | Exploration: 0.650000 
| Reward: -51350 | Episode: 528 | Qmax: -990.4981 | Exploration: 0.650000 
| Reward: -50810 | Episode: 529 | Qmax: -990.2579 | Exploration: 0.650000 
| Reward: -51890 | Episode: 530 | Qmax: -990.4035 | Exploration: 0.650000 
| Reward: -51530 | Episode: 531 | Qmax: -990.7210 | Exploration: 0.650000 
| Reward: -51080 | Episode: 532 | Qmax: -991.1429 | Exploration: 0.650000 
| Reward: -50180 | Episode: 533 | Qmax: -990.8864 | Exploration: 0.650000 
| Reward: -52340 | Episode: 534 | Qmax: -990.6355 | Exploration: 0.650000 
| Reward: -51800 | Episode: 535 | Qmax: -990.5762 | Exploration: 0.650000 
| Reward: -51350 | Episode: 536 | Qmax: -990.7670 | Exploration: 0.650000 
| Reward: -50720 | Episode: 537 | Qmax: -990.9922 | Exploration: 0.650000 
| Reward: -53060 | Episode: 538 | Qmax: -991.0346 | Exploration: 0.650000 
| Reward: -51530 | Episode: 539 | Qmax: -990.9129 | Exploration: 0.650000 
DDQN Saved
| Reward: -50450 | Episode: 540 | Qmax: -990.4865 | Exploration: 0.650000 
| Reward: -51170 | Episode: 541 | Qmax: -990.7722 | Exploration: 0.650000 
| Reward: -51080 | Episode: 542 | Qmax: -990.6713 | Exploration: 0.650000 
| Reward: -51350 | Episode: 543 | Qmax: -990.6220 | Exploration: 0.650000 
| Reward: -51980 | Episode: 544 | Qmax: -990.5386 | Exploration: 0.650000 
| Reward: -50630 | Episode: 545 | Qmax: -990.4809 | Exploration: 0.650000 
| Reward: -50720 | Episode: 546 | Qmax: -990.4840 | Exploration: 0.650000 
| Reward: -51350 | Episode: 547 | Qmax: -990.5880 | Exploration: 0.650000 
| Reward: -51350 | Episode: 548 | Qmax: -990.5822 | Exploration: 0.650000 
| Reward: -52340 | Episode: 549 | Qmax: -990.6498 | Exploration: 0.650000 
| Reward: -53330 | Episode: 550 | Qmax: -990.6818 | Exploration: 0.650000 
| Reward: -51350 | Episode: 551 | Qmax: -990.7933 | Exploration: 0.650000 
| Reward: -51080 | Episode: 552 | Qmax: -990.8311 | Exploration: 0.650000 
| Reward: -51890 | Episode: 553 | Qmax: -990.7177 | Exploration: 0.650000 
| Reward: -51980 | Episode: 554 | Qmax: -990.8170 | Exploration: 0.650000 
| Reward: -52070 | Episode: 555 | Qmax: -990.5039 | Exploration: 0.650000 
| Reward: -51440 | Episode: 556 | Qmax: -990.3938 | Exploration: 0.650000 
| Reward: -50810 | Episode: 557 | Qmax: -990.0903 | Exploration: 0.650000 
| Reward: -50630 | Episode: 558 | Qmax: -990.1281 | Exploration: 0.650000 
| Reward: -50810 | Episode: 559 | Qmax: -990.0613 | Exploration: 0.650000 
DDQN Saved
| Reward: -50720 | Episode: 560 | Qmax: -990.0261 | Exploration: 0.650000 
| Reward: -51260 | Episode: 561 | Qmax: -990.1274 | Exploration: 0.650000 
| Reward: -52160 | Episode: 562 | Qmax: -990.0918 | Exploration: 0.650000 
| Reward: -51170 | Episode: 563 | Qmax: -990.0967 | Exploration: 0.650000 
| Reward: -51080 | Episode: 564 | Qmax: -990.1519 | Exploration: 0.650000 
| Reward: -51080 | Episode: 565 | Qmax: -990.5165 | Exploration: 0.650000 
| Reward: -52520 | Episode: 566 | Qmax: -990.5800 | Exploration: 0.650000 
| Reward: -51350 | Episode: 567 | Qmax: -990.4592 | Exploration: 0.650000 
| Reward: -51890 | Episode: 568 | Qmax: -990.6338 | Exploration: 0.650000 
| Reward: -51350 | Episode: 569 | Qmax: -990.6344 | Exploration: 0.650000 
| Reward: -51260 | Episode: 570 | Qmax: -990.7514 | Exploration: 0.650000 
| Reward: -50810 | Episode: 571 | Qmax: -991.0855 | Exploration: 0.650000 
| Reward: -51170 | Episode: 572 | Qmax: -991.1603 | Exploration: 0.650000 
| Reward: -51710 | Episode: 573 | Qmax: -991.2062 | Exploration: 0.650000 
| Reward: -50990 | Episode: 574 | Qmax: -990.9844 | Exploration: 0.650000 
| Reward: -51890 | Episode: 575 | Qmax: -991.1161 | Exploration: 0.650000 
| Reward: -51350 | Episode: 576 | Qmax: -991.0474 | Exploration: 0.650000 
| Reward: -50540 | Episode: 577 | Qmax: -990.9250 | Exploration: 0.650000 
| Reward: -51890 | Episode: 578 | Qmax: -991.0106 | Exploration: 0.650000 
| Reward: -50540 | Episode: 579 | Qmax: -991.1834 | Exploration: 0.650000 
DDQN Saved
| Reward: -51710 | Episode: 580 | Qmax: -991.2906 | Exploration: 0.650000 
| Reward: -50900 | Episode: 581 | Qmax: -991.2877 | Exploration: 0.650000 
| Reward: -51080 | Episode: 582 | Qmax: -991.3280 | Exploration: 0.650000 
| Reward: -51350 | Episode: 583 | Qmax: -991.5292 | Exploration: 0.650000 
| Reward: -50810 | Episode: 584 | Qmax: -991.6767 | Exploration: 0.650000 
| Reward: -51170 | Episode: 585 | Qmax: -991.8042 | Exploration: 0.650000 
| Reward: -50720 | Episode: 586 | Qmax: -991.7321 | Exploration: 0.650000 
| Reward: -50450 | Episode: 587 | Qmax: -991.6635 | Exploration: 0.650000 
| Reward: -50990 | Episode: 588 | Qmax: -991.5584 | Exploration: 0.650000 
| Reward: -50810 | Episode: 589 | Qmax: -991.6162 | Exploration: 0.650000 
| Reward: -50720 | Episode: 590 | Qmax: -991.4459 | Exploration: 0.650000 
| Reward: -50270 | Episode: 591 | Qmax: -991.3632 | Exploration: 0.650000 
| Reward: -52790 | Episode: 592 | Qmax: -991.2709 | Exploration: 0.650000 
| Reward: -52250 | Episode: 593 | Qmax: -991.3154 | Exploration: 0.650000 
| Reward: -50630 | Episode: 594 | Qmax: -991.5702 | Exploration: 0.650000 
| Reward: -50990 | Episode: 595 | Qmax: -991.6503 | Exploration: 0.650000 
| Reward: -50900 | Episode: 596 | Qmax: -991.5399 | Exploration: 0.650000 
| Reward: -50900 | Episode: 597 | Qmax: -991.2158 | Exploration: 0.650000 
| Reward: -52250 | Episode: 598 | Qmax: -991.1440 | Exploration: 0.650000 
| Reward: -51170 | Episode: 599 | Qmax: -991.0643 | Exploration: 0.650000 
DDQN Saved
| Reward: -51350 | Episode: 600 | Qmax: -991.0117 | Exploration: 0.650000 
| Reward: -50720 | Episode: 601 | Qmax: -991.0663 | Exploration: 0.650000 
| Reward: -54680 | Episode: 602 | Qmax: -991.0969 | Exploration: 0.650000 
| Reward: -51890 | Episode: 603 | Qmax: -991.1867 | Exploration: 0.650000 
| Reward: -52340 | Episode: 604 | Qmax: -992.0219 | Exploration: 0.650000 
| Reward: -51890 | Episode: 605 | Qmax: -992.0565 | Exploration: 0.650000 
| Reward: -51350 | Episode: 606 | Qmax: -992.0703 | Exploration: 0.650000 
| Reward: -52610 | Episode: 607 | Qmax: -991.9431 | Exploration: 0.650000 
| Reward: -51980 | Episode: 608 | Qmax: -991.7403 | Exploration: 0.650000 
| Reward: -50810 | Episode: 609 | Qmax: -991.5860 | Exploration: 0.650000 
| Reward: -51350 | Episode: 610 | Qmax: -991.4087 | Exploration: 0.650000 
| Reward: -52700 | Episode: 611 | Qmax: -991.2200 | Exploration: 0.650000 
| Reward: -51800 | Episode: 612 | Qmax: -990.8129 | Exploration: 0.650000 
| Reward: -51800 | Episode: 613 | Qmax: -990.4980 | Exploration: 0.650000 
| Reward: -51170 | Episode: 614 | Qmax: -990.5175 | Exploration: 0.650000 
| Reward: -51080 | Episode: 615 | Qmax: -990.6652 | Exploration: 0.650000 
| Reward: -50090 | Episode: 616 | Qmax: -990.7776 | Exploration: 0.650000 
| Reward: -50360 | Episode: 617 | Qmax: -990.5405 | Exploration: 0.650000 
| Reward: -51800 | Episode: 618 | Qmax: -990.5173 | Exploration: 0.650000 
| Reward: -50810 | Episode: 619 | Qmax: -990.1109 | Exploration: 0.650000 
DDQN Saved
| Reward: -51170 | Episode: 620 | Qmax: -990.2199 | Exploration: 0.650000 
| Reward: -51260 | Episode: 621 | Qmax: -990.2449 | Exploration: 0.650000 
| Reward: -50990 | Episode: 622 | Qmax: -990.4134 | Exploration: 0.650000 
| Reward: -50990 | Episode: 623 | Qmax: -990.4377 | Exploration: 0.650000 
| Reward: -50360 | Episode: 624 | Qmax: -990.2659 | Exploration: 0.650000 
| Reward: -51530 | Episode: 625 | Qmax: -990.1731 | Exploration: 0.650000 
| Reward: -51260 | Episode: 626 | Qmax: -990.3835 | Exploration: 0.650000 
| Reward: -51170 | Episode: 627 | Qmax: -990.2871 | Exploration: 0.650000 
| Reward: -50720 | Episode: 628 | Qmax: -990.4744 | Exploration: 0.650000 
| Reward: -51620 | Episode: 629 | Qmax: -990.4487 | Exploration: 0.650000 
| Reward: -51170 | Episode: 630 | Qmax: -990.6878 | Exploration: 0.650000 
| Reward: -50810 | Episode: 631 | Qmax: -990.4601 | Exploration: 0.650000 
| Reward: -51350 | Episode: 632 | Qmax: -990.2456 | Exploration: 0.650000 
| Reward: -51350 | Episode: 633 | Qmax: -990.2292 | Exploration: 0.650000 
| Reward: -51350 | Episode: 634 | Qmax: -990.0043 | Exploration: 0.650000 
| Reward: -50540 | Episode: 635 | Qmax: -990.0915 | Exploration: 0.650000 
| Reward: -50630 | Episode: 636 | Qmax: -990.1849 | Exploration: 0.650000 
| Reward: -50270 | Episode: 637 | Qmax: -990.3003 | Exploration: 0.650000 
| Reward: -53150 | Episode: 638 | Qmax: -990.2319 | Exploration: 0.650000 
| Reward: -50900 | Episode: 639 | Qmax: -990.2221 | Exploration: 0.650000 
DDQN Saved
| Reward: -50900 | Episode: 640 | Qmax: -990.2578 | Exploration: 0.650000 
| Reward: -50900 | Episode: 641 | Qmax: -989.9545 | Exploration: 0.650000 
| Reward: -50450 | Episode: 642 | Qmax: -989.6866 | Exploration: 0.650000 
| Reward: -52160 | Episode: 643 | Qmax: -989.6636 | Exploration: 0.650000 
| Reward: -50720 | Episode: 644 | Qmax: -989.7401 | Exploration: 0.650000 
| Reward: -51080 | Episode: 645 | Qmax: -989.7501 | Exploration: 0.650000 
| Reward: -51260 | Episode: 646 | Qmax: -989.6835 | Exploration: 0.650000 
| Reward: -51080 | Episode: 647 | Qmax: -989.5864 | Exploration: 0.650000 
| Reward: -51260 | Episode: 648 | Qmax: -989.9751 | Exploration: 0.650000 
| Reward: -51350 | Episode: 649 | Qmax: -990.3287 | Exploration: 0.650000 
| Reward: -51530 | Episode: 650 | Qmax: -990.4224 | Exploration: 0.650000 
| Reward: -50270 | Episode: 651 | Qmax: -990.3651 | Exploration: 0.650000 
| Reward: -51620 | Episode: 652 | Qmax: -990.5701 | Exploration: 0.650000 
| Reward: -51890 | Episode: 653 | Qmax: -990.7887 | Exploration: 0.650000 
| Reward: -51260 | Episode: 654 | Qmax: -990.7785 | Exploration: 0.650000 
| Reward: -51170 | Episode: 655 | Qmax: -990.6699 | Exploration: 0.650000 
| Reward: -51350 | Episode: 656 | Qmax: -990.3538 | Exploration: 0.650000 
| Reward: -51260 | Episode: 657 | Qmax: -990.2829 | Exploration: 0.650000 
| Reward: -51980 | Episode: 658 | Qmax: -990.2008 | Exploration: 0.650000 
| Reward: -50360 | Episode: 659 | Qmax: -990.2203 | Exploration: 0.650000 
DDQN Saved
| Reward: -50720 | Episode: 660 | Qmax: -990.1311 | Exploration: 0.650000 
| Reward: -51800 | Episode: 661 | Qmax: -990.1588 | Exploration: 0.650000 
| Reward: -50900 | Episode: 662 | Qmax: -990.0176 | Exploration: 0.650000 
| Reward: -50540 | Episode: 663 | Qmax: -989.9507 | Exploration: 0.650000 
| Reward: -50810 | Episode: 664 | Qmax: -989.8692 | Exploration: 0.650000 
| Reward: -51710 | Episode: 665 | Qmax: -989.8451 | Exploration: 0.650000 
| Reward: -50540 | Episode: 666 | Qmax: -989.7739 | Exploration: 0.650000 
| Reward: -50630 | Episode: 667 | Qmax: -989.8263 | Exploration: 0.650000 
| Reward: -50990 | Episode: 668 | Qmax: -989.9257 | Exploration: 0.650000 
| Reward: -51350 | Episode: 669 | Qmax: -989.9759 | Exploration: 0.650000 
| Reward: -51440 | Episode: 670 | Qmax: -990.0121 | Exploration: 0.650000 
| Reward: -50900 | Episode: 671 | Qmax: -990.1894 | Exploration: 0.650000 
| Reward: -51350 | Episode: 672 | Qmax: -990.0591 | Exploration: 0.650000 
| Reward: -50810 | Episode: 673 | Qmax: -990.0460 | Exploration: 0.650000 
| Reward: -50810 | Episode: 674 | Qmax: -990.0468 | Exploration: 0.650000 
| Reward: -50450 | Episode: 675 | Qmax: -989.9338 | Exploration: 0.650000 
| Reward: -50360 | Episode: 676 | Qmax: -989.8110 | Exploration: 0.650000 
| Reward: -51350 | Episode: 677 | Qmax: -989.6420 | Exploration: 0.650000 
| Reward: -50720 | Episode: 678 | Qmax: -989.5645 | Exploration: 0.650000 
| Reward: -51710 | Episode: 679 | Qmax: -989.3946 | Exploration: 0.650000 
DDQN Saved
| Reward: -51530 | Episode: 680 | Qmax: -989.2956 | Exploration: 0.650000 
| Reward: -52520 | Episode: 681 | Qmax: -989.4011 | Exploration: 0.650000 
| Reward: -52160 | Episode: 682 | Qmax: -989.4977 | Exploration: 0.650000 
| Reward: -51350 | Episode: 683 | Qmax: -989.7203 | Exploration: 0.650000 
| Reward: -52160 | Episode: 684 | Qmax: -989.6130 | Exploration: 0.650000 
| Reward: -50630 | Episode: 685 | Qmax: -989.6584 | Exploration: 0.650000 
| Reward: -50450 | Episode: 686 | Qmax: -989.5449 | Exploration: 0.650000 
| Reward: -51260 | Episode: 687 | Qmax: -989.8821 | Exploration: 0.650000 
| Reward: -51260 | Episode: 688 | Qmax: -990.1029 | Exploration: 0.650000 
| Reward: -51890 | Episode: 689 | Qmax: -990.3148 | Exploration: 0.650000 
| Reward: -50360 | Episode: 690 | Qmax: -990.4248 | Exploration: 0.650000 
| Reward: -51170 | Episode: 691 | Qmax: -990.2793 | Exploration: 0.650000 
| Reward: -50900 | Episode: 692 | Qmax: -990.3326 | Exploration: 0.650000 
| Reward: -51800 | Episode: 693 | Qmax: -990.3519 | Exploration: 0.650000 
| Reward: -51260 | Episode: 694 | Qmax: -990.0909 | Exploration: 0.650000 
| Reward: -50810 | Episode: 695 | Qmax: -990.0069 | Exploration: 0.650000 
| Reward: -51530 | Episode: 696 | Qmax: -990.0557 | Exploration: 0.650000 
| Reward: -52790 | Episode: 697 | Qmax: -990.0194 | Exploration: 0.650000 
| Reward: -51080 | Episode: 698 | Qmax: -990.0284 | Exploration: 0.650000 
| Reward: -51890 | Episode: 699 | Qmax: -989.8268 | Exploration: 0.650000 
DDQN Saved
| Reward: -50180 | Episode: 700 | Qmax: -989.7429 | Exploration: 0.650000 
| Reward: -51440 | Episode: 701 | Qmax: -989.6488 | Exploration: 0.650000 
| Reward: -51620 | Episode: 702 | Qmax: -989.4989 | Exploration: 0.650000 
| Reward: -53420 | Episode: 703 | Qmax: -989.5285 | Exploration: 0.650000 
| Reward: -50630 | Episode: 704 | Qmax: -989.3740 | Exploration: 0.650000 
| Reward: -51530 | Episode: 705 | Qmax: -989.2930 | Exploration: 0.650000 
| Reward: -52250 | Episode: 706 | Qmax: -989.2324 | Exploration: 0.650000 
| Reward: -51170 | Episode: 707 | Qmax: -989.2728 | Exploration: 0.650000 
| Reward: -51350 | Episode: 708 | Qmax: -989.2526 | Exploration: 0.650000 
| Reward: -50450 | Episode: 709 | Qmax: -989.2308 | Exploration: 0.650000 
| Reward: -50450 | Episode: 710 | Qmax: -989.1596 | Exploration: 0.650000 
| Reward: -50540 | Episode: 711 | Qmax: -989.1010 | Exploration: 0.650000 
| Reward: -50990 | Episode: 712 | Qmax: -989.0765 | Exploration: 0.650000 
| Reward: -51530 | Episode: 713 | Qmax: -988.9312 | Exploration: 0.650000 
| Reward: -51260 | Episode: 714 | Qmax: -988.9057 | Exploration: 0.650000 
| Reward: -50450 | Episode: 715 | Qmax: -988.9587 | Exploration: 0.650000 
| Reward: -50900 | Episode: 716 | Qmax: -988.9496 | Exploration: 0.650000 
| Reward: -51170 | Episode: 717 | Qmax: -988.9153 | Exploration: 0.650000 
| Reward: -50090 | Episode: 718 | Qmax: -988.8285 | Exploration: 0.650000 
| Reward: -51350 | Episode: 719 | Qmax: -988.9286 | Exploration: 0.650000 
DDQN Saved
| Reward: -52790 | Episode: 720 | Qmax: -988.7805 | Exploration: 0.650000 
| Reward: -51170 | Episode: 721 | Qmax: -988.7028 | Exploration: 0.650000 
| Reward: -50810 | Episode: 722 | Qmax: -988.5585 | Exploration: 0.650000 
| Reward: -50720 | Episode: 723 | Qmax: -987.1188 | Exploration: 0.650000 
| Reward: -50180 | Episode: 724 | Qmax: -987.7535 | Exploration: 0.650000 
| Reward: -50450 | Episode: 725 | Qmax: -987.9352 | Exploration: 0.650000 
| Reward: -50810 | Episode: 726 | Qmax: -988.0849 | Exploration: 0.650000 
| Reward: -51080 | Episode: 727 | Qmax: -987.3178 | Exploration: 0.650000 
| Reward: -51260 | Episode: 728 | Qmax: -987.4105 | Exploration: 0.650000 
| Reward: -51620 | Episode: 729 | Qmax: -987.6355 | Exploration: 0.650000 
| Reward: -51530 | Episode: 730 | Qmax: -987.3697 | Exploration: 0.650000 
| Reward: -50360 | Episode: 731 | Qmax: -987.6317 | Exploration: 0.650000 
| Reward: -52250 | Episode: 732 | Qmax: -987.7937 | Exploration: 0.650000 
| Reward: -51080 | Episode: 733 | Qmax: -987.6698 | Exploration: 0.650000 
| Reward: -51260 | Episode: 734 | Qmax: -987.2598 | Exploration: 0.650000 
| Reward: -51530 | Episode: 735 | Qmax: -986.9806 | Exploration: 0.650000 
| Reward: -50540 | Episode: 736 | Qmax: -986.7099 | Exploration: 0.650000 
| Reward: -51620 | Episode: 737 | Qmax: -986.3290 | Exploration: 0.650000 
| Reward: -51440 | Episode: 738 | Qmax: -986.1446 | Exploration: 0.650000 
| Reward: -52070 | Episode: 739 | Qmax: -986.7165 | Exploration: 0.650000 
DDQN Saved
| Reward: -51710 | Episode: 740 | Qmax: -987.1237 | Exploration: 0.650000 
| Reward: -50720 | Episode: 741 | Qmax: -987.4656 | Exploration: 0.650000 
| Reward: -53240 | Episode: 742 | Qmax: -986.8795 | Exploration: 0.650000 
| Reward: -51890 | Episode: 743 | Qmax: -987.0356 | Exploration: 0.650000 
| Reward: -51440 | Episode: 744 | Qmax: -987.3410 | Exploration: 0.650000 
| Reward: -50720 | Episode: 745 | Qmax: -987.8620 | Exploration: 0.650000 
| Reward: -50630 | Episode: 746 | Qmax: -988.3580 | Exploration: 0.650000 
| Reward: -51440 | Episode: 747 | Qmax: -988.5193 | Exploration: 0.650000 
| Reward: -51260 | Episode: 748 | Qmax: -988.8063 | Exploration: 0.650000 
| Reward: -51620 | Episode: 749 | Qmax: -988.9948 | Exploration: 0.650000 
| Reward: -51170 | Episode: 750 | Qmax: -989.7663 | Exploration: 0.650000 
| Reward: -51710 | Episode: 751 | Qmax: -990.0473 | Exploration: 0.650000 
| Reward: -51350 | Episode: 752 | Qmax: -990.2949 | Exploration: 0.650000 
| Reward: -52250 | Episode: 753 | Qmax: -990.4586 | Exploration: 0.650000 
| Reward: -53690 | Episode: 754 | Qmax: -990.6756 | Exploration: 0.650000 
| Reward: -50810 | Episode: 755 | Qmax: -990.4440 | Exploration: 0.650000 
| Reward: -51530 | Episode: 756 | Qmax: -990.3152 | Exploration: 0.650000 
| Reward: -52070 | Episode: 757 | Qmax: -990.3099 | Exploration: 0.650000 
| Reward: -50630 | Episode: 758 | Qmax: -990.3795 | Exploration: 0.650000 
| Reward: -51260 | Episode: 759 | Qmax: -990.5078 | Exploration: 0.650000 
DDQN Saved
| Reward: -51530 | Episode: 760 | Qmax: -990.5544 | Exploration: 0.650000 
| Reward: -50720 | Episode: 761 | Qmax: -990.6362 | Exploration: 0.650000 
| Reward: -50720 | Episode: 762 | Qmax: -991.0010 | Exploration: 0.650000 
| Reward: -50810 | Episode: 763 | Qmax: -991.1490 | Exploration: 0.650000 
| Reward: -52070 | Episode: 764 | Qmax: -991.1857 | Exploration: 0.650000 
| Reward: -52250 | Episode: 765 | Qmax: -991.5713 | Exploration: 0.650000 
| Reward: -50630 | Episode: 766 | Qmax: -991.6854 | Exploration: 0.650000 
| Reward: -50810 | Episode: 767 | Qmax: -991.7558 | Exploration: 0.650000 
| Reward: -51710 | Episode: 768 | Qmax: -991.6102 | Exploration: 0.650000 
| Reward: -50450 | Episode: 769 | Qmax: -991.3908 | Exploration: 0.650000 
| Reward: -51260 | Episode: 770 | Qmax: -991.7456 | Exploration: 0.650000 
| Reward: -50720 | Episode: 771 | Qmax: -991.5302 | Exploration: 0.650000 
| Reward: -51710 | Episode: 772 | Qmax: -991.7241 | Exploration: 0.650000 
| Reward: -51080 | Episode: 773 | Qmax: -991.8995 | Exploration: 0.650000 
| Reward: -51350 | Episode: 774 | Qmax: -991.9363 | Exploration: 0.650000 
| Reward: -51980 | Episode: 775 | Qmax: -992.3273 | Exploration: 0.650000 
| Reward: -51260 | Episode: 776 | Qmax: -992.5063 | Exploration: 0.650000 
| Reward: -51530 | Episode: 777 | Qmax: -992.7348 | Exploration: 0.650000 
| Reward: -52340 | Episode: 778 | Qmax: -992.7709 | Exploration: 0.650000 
| Reward: -51440 | Episode: 779 | Qmax: -992.6057 | Exploration: 0.650000 
DDQN Saved
| Reward: -51080 | Episode: 780 | Qmax: -992.5363 | Exploration: 0.650000 
| Reward: -51260 | Episode: 781 | Qmax: -992.3450 | Exploration: 0.650000 
| Reward: -51620 | Episode: 782 | Qmax: -992.2256 | Exploration: 0.650000 
| Reward: -51620 | Episode: 783 | Qmax: -991.9246 | Exploration: 0.650000 
| Reward: -52520 | Episode: 784 | Qmax: -992.0383 | Exploration: 0.650000 
| Reward: -50900 | Episode: 785 | Qmax: -992.2126 | Exploration: 0.650000 
| Reward: -50810 | Episode: 786 | Qmax: -992.2895 | Exploration: 0.650000 
| Reward: -51350 | Episode: 787 | Qmax: -992.2622 | Exploration: 0.650000 
| Reward: -50900 | Episode: 788 | Qmax: -992.0540 | Exploration: 0.650000 
| Reward: -51170 | Episode: 789 | Qmax: -991.8476 | Exploration: 0.650000 
| Reward: -51980 | Episode: 790 | Qmax: -991.6352 | Exploration: 0.650000 
| Reward: -50990 | Episode: 791 | Qmax: -992.0058 | Exploration: 0.650000 
| Reward: -52430 | Episode: 792 | Qmax: -992.5255 | Exploration: 0.650000 
| Reward: -51260 | Episode: 793 | Qmax: -992.6884 | Exploration: 0.650000 
| Reward: -51440 | Episode: 794 | Qmax: -992.4233 | Exploration: 0.650000 
| Reward: -51260 | Episode: 795 | Qmax: -992.2787 | Exploration: 0.650000 
| Reward: -50720 | Episode: 796 | Qmax: -992.5072 | Exploration: 0.650000 
| Reward: -52070 | Episode: 797 | Qmax: -992.5597 | Exploration: 0.650000 
| Reward: -50900 | Episode: 798 | Qmax: -992.7733 | Exploration: 0.650000 
| Reward: -50450 | Episode: 799 | Qmax: -992.6102 | Exploration: 0.650000 
DDQN Saved
| Reward: -51170 | Episode: 800 | Qmax: -992.4922 | Exploration: 0.650000 
| Reward: -50810 | Episode: 801 | Qmax: -992.6935 | Exploration: 0.650000 
| Reward: -52790 | Episode: 802 | Qmax: -992.8634 | Exploration: 0.650000 
| Reward: -51350 | Episode: 803 | Qmax: -992.8456 | Exploration: 0.650000 
| Reward: -51170 | Episode: 804 | Qmax: -993.0664 | Exploration: 0.650000 
| Reward: -50270 | Episode: 805 | Qmax: -993.1289 | Exploration: 0.650000 
| Reward: -50900 | Episode: 806 | Qmax: -993.1651 | Exploration: 0.650000 
| Reward: -52070 | Episode: 807 | Qmax: -993.0049 | Exploration: 0.650000 
| Reward: -50630 | Episode: 808 | Qmax: -992.4577 | Exploration: 0.650000 
| Reward: -50990 | Episode: 809 | Qmax: -992.3166 | Exploration: 0.650000 
| Reward: -51170 | Episode: 810 | Qmax: -992.2802 | Exploration: 0.650000 
| Reward: -50720 | Episode: 811 | Qmax: -992.1799 | Exploration: 0.650000 
| Reward: -51890 | Episode: 812 | Qmax: -992.2272 | Exploration: 0.650000 
| Reward: -51890 | Episode: 813 | Qmax: -992.0203 | Exploration: 0.650000 
| Reward: -51890 | Episode: 814 | Qmax: -992.0586 | Exploration: 0.650000 
| Reward: -51530 | Episode: 815 | Qmax: -992.2738 | Exploration: 0.650000 
| Reward: -51350 | Episode: 816 | Qmax: -991.8062 | Exploration: 0.650000 
| Reward: -52160 | Episode: 817 | Qmax: -991.9200 | Exploration: 0.650000 
| Reward: -50900 | Episode: 818 | Qmax: -992.2639 | Exploration: 0.650000 
| Reward: -51170 | Episode: 819 | Qmax: -992.0086 | Exploration: 0.650000 
DDQN Saved
| Reward: -51890 | Episode: 820 | Qmax: -992.3317 | Exploration: 0.650000 
| Reward: -51620 | Episode: 821 | Qmax: -992.1072 | Exploration: 0.650000 
| Reward: -50990 | Episode: 822 | Qmax: -991.8673 | Exploration: 0.650000 
| Reward: -50450 | Episode: 823 | Qmax: -991.3716 | Exploration: 0.650000 
| Reward: -51530 | Episode: 824 | Qmax: -991.2827 | Exploration: 0.650000 
| Reward: -51170 | Episode: 825 | Qmax: -991.4106 | Exploration: 0.650000 
| Reward: -51530 | Episode: 826 | Qmax: -991.4334 | Exploration: 0.650000 
| Reward: -51260 | Episode: 827 | Qmax: -991.8069 | Exploration: 0.650000 
| Reward: -50720 | Episode: 828 | Qmax: -992.1709 | Exploration: 0.650000 
| Reward: -51080 | Episode: 829 | Qmax: -992.5496 | Exploration: 0.650000 
| Reward: -53240 | Episode: 830 | Qmax: -992.3052 | Exploration: 0.650000 
| Reward: -51260 | Episode: 831 | Qmax: -992.3537 | Exploration: 0.650000 
| Reward: -52700 | Episode: 832 | Qmax: -992.4677 | Exploration: 0.650000 
| Reward: -51170 | Episode: 833 | Qmax: -992.3506 | Exploration: 0.650000 
| Reward: -51890 | Episode: 834 | Qmax: -992.6330 | Exploration: 0.650000 
| Reward: -50540 | Episode: 835 | Qmax: -992.7891 | Exploration: 0.650000 
| Reward: -51710 | Episode: 836 | Qmax: -992.8300 | Exploration: 0.650000 
| Reward: -50720 | Episode: 837 | Qmax: -993.2501 | Exploration: 0.650000 
| Reward: -51710 | Episode: 838 | Qmax: -993.1877 | Exploration: 0.650000 
| Reward: -52430 | Episode: 839 | Qmax: -993.3524 | Exploration: 0.650000 
DDQN Saved
| Reward: -50900 | Episode: 840 | Qmax: -993.4262 | Exploration: 0.650000 
| Reward: -50270 | Episode: 841 | Qmax: -993.6141 | Exploration: 0.650000 
| Reward: -51890 | Episode: 842 | Qmax: -993.5308 | Exploration: 0.650000 
| Reward: -50720 | Episode: 843 | Qmax: -993.2554 | Exploration: 0.650000 
| Reward: -52700 | Episode: 844 | Qmax: -993.0549 | Exploration: 0.650000 
| Reward: -51800 | Episode: 845 | Qmax: -993.0150 | Exploration: 0.650000 
| Reward: -51980 | Episode: 846 | Qmax: -993.0203 | Exploration: 0.650000 
| Reward: -51170 | Episode: 847 | Qmax: -993.1283 | Exploration: 0.650000 
| Reward: -51170 | Episode: 848 | Qmax: -993.1965 | Exploration: 0.650000 
| Reward: -52160 | Episode: 849 | Qmax: -993.3584 | Exploration: 0.650000 
| Reward: -50900 | Episode: 850 | Qmax: -993.5197 | Exploration: 0.650000 
| Reward: -51530 | Episode: 851 | Qmax: -993.8032 | Exploration: 0.650000 
| Reward: -50810 | Episode: 852 | Qmax: -993.7954 | Exploration: 0.650000 
| Reward: -50990 | Episode: 853 | Qmax: -993.6965 | Exploration: 0.650000 
| Reward: -50450 | Episode: 854 | Qmax: -993.7708 | Exploration: 0.650000 
| Reward: -51350 | Episode: 855 | Qmax: -993.7279 | Exploration: 0.650000 
| Reward: -51170 | Episode: 856 | Qmax: -994.0561 | Exploration: 0.650000 
| Reward: -50720 | Episode: 857 | Qmax: -993.8797 | Exploration: 0.650000 
| Reward: -50630 | Episode: 858 | Qmax: -993.8053 | Exploration: 0.650000 
| Reward: -51080 | Episode: 859 | Qmax: -993.7570 | Exploration: 0.650000 
DDQN Saved
| Reward: -51260 | Episode: 860 | Qmax: -993.6246 | Exploration: 0.650000 
| Reward: -52790 | Episode: 861 | Qmax: -993.8082 | Exploration: 0.650000 
| Reward: -50540 | Episode: 862 | Qmax: -993.8120 | Exploration: 0.650000 
| Reward: -50360 | Episode: 863 | Qmax: -993.2601 | Exploration: 0.650000 
| Reward: -51440 | Episode: 864 | Qmax: -993.2613 | Exploration: 0.650000 
| Reward: -50630 | Episode: 865 | Qmax: -993.3468 | Exploration: 0.650000 
| Reward: -51350 | Episode: 866 | Qmax: -993.3334 | Exploration: 0.650000 
| Reward: -50900 | Episode: 867 | Qmax: -993.2691 | Exploration: 0.650000 
| Reward: -50720 | Episode: 868 | Qmax: -993.5640 | Exploration: 0.650000 
| Reward: -52160 | Episode: 869 | Qmax: -993.7165 | Exploration: 0.650000 
| Reward: -51170 | Episode: 870 | Qmax: -993.9592 | Exploration: 0.650000 
| Reward: -50630 | Episode: 871 | Qmax: -993.9727 | Exploration: 0.650000 
| Reward: -50450 | Episode: 872 | Qmax: -993.7792 | Exploration: 0.650000 
| Reward: -50720 | Episode: 873 | Qmax: -993.4819 | Exploration: 0.650000 
| Reward: -51260 | Episode: 874 | Qmax: -993.3725 | Exploration: 0.650000 
| Reward: -50630 | Episode: 875 | Qmax: -993.1778 | Exploration: 0.650000 
| Reward: -50990 | Episode: 876 | Qmax: -993.4224 | Exploration: 0.650000 
| Reward: -51710 | Episode: 877 | Qmax: -993.2088 | Exploration: 0.650000 
| Reward: -50990 | Episode: 878 | Qmax: -992.4715 | Exploration: 0.650000 
| Reward: -50630 | Episode: 879 | Qmax: -992.5828 | Exploration: 0.650000 
DDQN Saved
| Reward: -51260 | Episode: 880 | Qmax: -992.5981 | Exploration: 0.650000 
| Reward: -50720 | Episode: 881 | Qmax: -992.4029 | Exploration: 0.650000 
| Reward: -50810 | Episode: 882 | Qmax: -992.3011 | Exploration: 0.650000 
| Reward: -51170 | Episode: 883 | Qmax: -991.9829 | Exploration: 0.650000 
| Reward: -52880 | Episode: 884 | Qmax: -992.5005 | Exploration: 0.650000 
| Reward: -52160 | Episode: 885 | Qmax: -992.5863 | Exploration: 0.650000 
| Reward: -52070 | Episode: 886 | Qmax: -992.9603 | Exploration: 0.650000 
| Reward: -52160 | Episode: 887 | Qmax: -993.1829 | Exploration: 0.650000 
| Reward: -50540 | Episode: 888 | Qmax: -993.4053 | Exploration: 0.650000 
| Reward: -52340 | Episode: 889 | Qmax: -993.6748 | Exploration: 0.650000 
| Reward: -50450 | Episode: 890 | Qmax: -993.8218 | Exploration: 0.650000 
| Reward: -51440 | Episode: 891 | Qmax: -993.7169 | Exploration: 0.650000 
| Reward: -50630 | Episode: 892 | Qmax: -993.6369 | Exploration: 0.650000 
| Reward: -51260 | Episode: 893 | Qmax: -993.5425 | Exploration: 0.650000 
| Reward: -51440 | Episode: 894 | Qmax: -993.2272 | Exploration: 0.650000 
| Reward: -50720 | Episode: 895 | Qmax: -993.2145 | Exploration: 0.650000 
| Reward: -52790 | Episode: 896 | Qmax: -993.1248 | Exploration: 0.650000 
| Reward: -50900 | Episode: 897 | Qmax: -992.9821 | Exploration: 0.650000 
| Reward: -51710 | Episode: 898 | Qmax: -992.9452 | Exploration: 0.650000 
| Reward: -50630 | Episode: 899 | Qmax: -993.2245 | Exploration: 0.650000 
DDQN Saved
| Reward: -51170 | Episode: 900 | Qmax: -993.3813 | Exploration: 0.650000 
| Reward: -53150 | Episode: 901 | Qmax: -993.3578 | Exploration: 0.650000 
| Reward: -51170 | Episode: 902 | Qmax: -992.6565 | Exploration: 0.650000 
| Reward: -50450 | Episode: 903 | Qmax: -992.6522 | Exploration: 0.650000 
| Reward: -51800 | Episode: 904 | Qmax: -992.4349 | Exploration: 0.650000 
| Reward: -50540 | Episode: 905 | Qmax: -992.1979 | Exploration: 0.650000 
| Reward: -51350 | Episode: 906 | Qmax: -992.0761 | Exploration: 0.650000 
| Reward: -52070 | Episode: 907 | Qmax: -992.3211 | Exploration: 0.650000 
| Reward: -51440 | Episode: 908 | Qmax: -992.2963 | Exploration: 0.650000 
| Reward: -50360 | Episode: 909 | Qmax: -991.9611 | Exploration: 0.650000 
| Reward: -51620 | Episode: 910 | Qmax: -992.0686 | Exploration: 0.650000 
| Reward: -51800 | Episode: 911 | Qmax: -991.5747 | Exploration: 0.650000 
| Reward: -51350 | Episode: 912 | Qmax: -991.4078 | Exploration: 0.650000 
| Reward: -52610 | Episode: 913 | Qmax: -991.8250 | Exploration: 0.650000 
| Reward: -51620 | Episode: 914 | Qmax: -992.0538 | Exploration: 0.650000 
| Reward: -52250 | Episode: 915 | Qmax: -991.9853 | Exploration: 0.650000 
| Reward: -51080 | Episode: 916 | Qmax: -992.1326 | Exploration: 0.650000 
| Reward: -51350 | Episode: 917 | Qmax: -992.1212 | Exploration: 0.650000 
| Reward: -50630 | Episode: 918 | Qmax: -992.0684 | Exploration: 0.650000 
| Reward: -52610 | Episode: 919 | Qmax: -992.0191 | Exploration: 0.650000 
DDQN Saved
| Reward: -51260 | Episode: 920 | Qmax: -992.2467 | Exploration: 0.650000 
| Reward: -52340 | Episode: 921 | Qmax: -991.8134 | Exploration: 0.650000 
| Reward: -51620 | Episode: 922 | Qmax: -991.2112 | Exploration: 0.650000 
